{"contracts/6/protocol/apis/pancake/PancakeMasterChef.sol":{"l":{"34":0,"35":0,"37":0,"51":0,"69":0,"70":0,"72":0,"89":0,"90":0,"93":0,"94":0,"96":0,"112":0,"132":0,"133":0,"136":0,"152":0,"172":0,"173":0,"177":0,"182":0,"183":0,"184":0,"185":0,"186":0,"187":0,"190":0,"317":0,"318":0,"320":0,"323":0,"343":0,"346":0,"347":0,"369":0,"383":0,"402":0,"417":0,"418":0,"427":0,"430":0,"431":0,"432":0,"435":0,"439":0,"444":0,"469":0,"478":0,"497":0,"501":0,"509":0,"510":0,"518":0,"522":0,"536":0,"537":0,"540":0,"562":0,"566":0,"567":0,"593":0,"594":0,"595":0,"602":0,"609":0,"610":0,"621":0,"622":0,"630":0,"637":0,"638":0,"639":0,"692":0,"693":0,"694":0,"701":0,"708":0,"715":0,"722":0,"729":0,"736":0,"748":0,"749":0,"756":0,"767":0,"768":0,"788":0,"789":0,"794":0,"810":0,"811":0,"829":0,"834":0,"846":0,"847":0,"869":0,"870":0,"872":0,"873":0,"874":0,"887":0,"889":0,"890":0,"891":0,"906":0,"908":0,"909":0,"910":0,"931":0,"932":0,"934":0,"935":0,"945":0,"946":0,"958":0,"959":0,"1007":0,"1015":0,"1037":0,"1046":0,"1055":0,"1063":0,"1064":0,"1065":0,"1066":0,"1067":0,"1080":0,"1081":0,"1096":0,"1098":0,"1099":0,"1100":0,"1104":0,"1105":0,"1109":0,"1110":0,"1113":0,"1114":0,"1115":0,"1116":0,"1117":0,"1118":0,"1119":0,"1121":0,"1123":0,"1126":0,"1132":0,"1133":0,"1134":0,"1136":0,"1138":0,"1142":0,"1143":0,"1145":0,"1146":0,"1147":0,"1148":0,"1151":0,"1153":0,"1154":0,"1155":0,"1156":0,"1169":0,"1171":0,"1172":0,"1174":0,"1175":0,"1178":0,"1182":0,"1183":0,"1187":0,"1188":0,"1189":0,"1197":0,"1198":0,"1202":0,"1203":0,"1213":0,"1218":0,"1219":0,"1220":0,"1222":0,"1271":0,"1279":0,"1301":0,"1310":0,"1319":0,"1327":0,"1328":0,"1329":0,"1330":0,"1331":0,"1344":0,"1345":0,"1360":0,"1362":0,"1363":0,"1364":0,"1368":0,"1369":0,"1373":0,"1374":0,"1377":0,"1378":0,"1379":0,"1380":0,"1381":0,"1382":0,"1383":0,"1385":0,"1387":0,"1390":0,"1396":0,"1397":0,"1398":0,"1400":0,"1402":0,"1406":0,"1407":0,"1409":0,"1410":0,"1411":0,"1412":0,"1415":0,"1417":0,"1418":0,"1419":0,"1420":0,"1433":0,"1435":0,"1436":0,"1438":0,"1439":0,"1442":0,"1446":0,"1447":0,"1451":0,"1452":0,"1453":0,"1540":0,"1541":0,"1542":0,"1543":0,"1544":0,"1547":0,"1554":0,"1559":0,"1563":0,"1569":0,"1570":0,"1572":0,"1573":0,"1574":0,"1580":0,"1585":0,"1586":0,"1588":0,"1589":0,"1590":0,"1591":0,"1592":0,"1597":0,"1598":0,"1599":0,"1600":0,"1602":0,"1603":0,"1604":0,"1605":0,"1611":0,"1616":0,"1617":0,"1618":0,"1619":0,"1620":0,"1621":0,"1622":0,"1623":0,"1628":0,"1633":0,"1634":0,"1635":0,"1636":0,"1637":0,"1638":0,"1639":0,"1640":0,"1642":0,"1647":0,"1648":0,"1649":0,"1656":0,"1657":0,"1658":0,"1660":0,"1661":0,"1662":0,"1663":0,"1665":0,"1666":0,"1667":0,"1668":0,"1669":0,"1670":0,"1676":0,"1678":0,"1679":0,"1680":0,"1681":0,"1682":0,"1683":0,"1684":0,"1687":0,"1688":0,"1689":0,"1691":0,"1692":0,"1698":0,"1700":0,"1701":0,"1702":0,"1703":0,"1704":0,"1705":0,"1706":0,"1708":0,"1709":0,"1710":0,"1712":0,"1713":0,"1718":0,"1719":0,"1720":0,"1721":0,"1722":0,"1723":0,"1724":0,"1727":0,"1728":0,"1729":0,"1731":0,"1733":0,"1734":0,"1739":0,"1740":0,"1741":0,"1742":0,"1743":0,"1744":0,"1745":0,"1747":0,"1748":0,"1749":0,"1751":0,"1753":0,"1754":0,"1759":0,"1760":0,"1761":0,"1762":0,"1763":0,"1764":0,"1769":0,"1774":0,"1775":0},"path":"/Users/adirut/go/src/github.com/alpaca-finance/alpaca-contract/contracts/6/protocol/apis/pancake/PancakeMasterChef.sol","s":{"1":0,"2":0,"3":0,"4":0,"5":0,"6":0,"7":0,"8":0,"9":0,"10":0,"11":0,"12":0,"13":0,"14":0,"15":0,"16":0,"17":0,"18":0,"19":0,"20":0,"21":0,"22":0,"23":0,"24":0,"25":0,"26":0,"27":0,"28":0,"29":0,"30":0,"31":0,"32":0,"33":0,"34":0,"35":0,"36":0,"37":0,"38":0,"39":0,"40":0,"41":0,"42":0,"43":0,"44":0,"45":0,"46":0,"47":0,"48":0,"49":0,"50":0,"51":0,"52":0,"53":0,"54":0,"55":0,"56":0,"57":0,"58":0,"59":0,"60":0,"61":0,"62":0,"63":0,"64":0,"65":0,"66":0,"67":0,"68":0,"69":0,"70":0,"71":0,"72":0,"73":0,"74":0,"75":0,"76":0,"77":0,"78":0,"79":0,"80":0,"81":0,"82":0,"83":0,"84":0,"85":0,"86":0,"87":0,"88":0,"89":0,"90":0,"91":0,"92":0,"93":0,"94":0,"95":0,"96":0,"97":0,"98":0,"99":0,"100":0,"101":0,"102":0,"103":0,"104":0,"105":0,"106":0,"107":0,"108":0,"109":0,"110":0,"111":0,"112":0,"113":0,"114":0,"115":0,"116":0,"117":0,"118":0,"119":0,"120":0,"121":0,"122":0,"123":0,"124":0,"125":0,"126":0,"127":0,"128":0,"129":0,"130":0,"131":0,"132":0,"133":0,"134":0,"135":0,"136":0,"137":0,"138":0,"139":0,"140":0,"141":0,"142":0,"143":0,"144":0,"145":0,"146":0,"147":0,"148":0,"149":0,"150":0,"151":0,"152":0,"153":0,"154":0,"155":0,"156":0,"157":0,"158":0,"159":0,"160":0,"161":0,"162":0,"163":0,"164":0,"165":0,"166":0,"167":0,"168":0,"169":0,"170":0,"171":0,"172":0,"173":0,"174":0,"175":0,"176":0,"177":0,"178":0,"179":0,"180":0,"181":0,"182":0,"183":0,"184":0,"185":0,"186":0,"187":0,"188":0,"189":0,"190":0,"191":0,"192":0,"193":0,"194":0,"195":0,"196":0,"197":0,"198":0,"199":0,"200":0,"201":0,"202":0,"203":0,"204":0,"205":0,"206":0,"207":0,"208":0,"209":0,"210":0,"211":0,"212":0,"213":0,"214":0,"215":0,"216":0,"217":0,"218":0,"219":0,"220":0,"221":0,"222":0,"223":0,"224":0,"225":0,"226":0,"227":0,"228":0,"229":0,"230":0,"231":0,"232":0,"233":0,"234":0,"235":0,"236":0,"237":0,"238":0,"239":0,"240":0,"241":0,"242":0,"243":0,"244":0,"245":0,"246":0,"247":0,"248":0,"249":0,"250":0,"251":0,"252":0,"253":0,"254":0,"255":0,"256":0,"257":0,"258":0,"259":0,"260":0,"261":0,"262":0,"263":0,"264":0,"265":0,"266":0,"267":0,"268":0,"269":0,"270":0,"271":0,"272":0,"273":0,"274":0,"275":0,"276":0,"277":0,"278":0,"279":0,"280":0,"281":0,"282":0,"283":0,"284":0,"285":0,"286":0,"287":0,"288":0,"289":0,"290":0,"291":0,"292":0,"293":0,"294":0,"295":0,"296":0,"297":0,"298":0,"299":0,"300":0,"301":0,"302":0,"303":0,"304":0,"305":0,"306":0,"307":0,"308":0,"309":0,"310":0,"311":0,"312":0,"313":0,"314":0,"315":0,"316":0,"317":0,"318":0,"319":0,"320":0,"321":0,"322":0,"323":0,"324":0,"325":0,"326":0,"327":0,"328":0,"329":0,"330":0,"331":0,"332":0,"333":0,"334":0,"335":0,"336":0,"337":0,"338":0,"339":0,"340":0,"341":0,"342":0,"343":0,"344":0,"345":0,"346":0,"347":0,"348":0,"349":0,"350":0,"351":0,"352":0,"353":0,"354":0,"355":0,"356":0,"357":0,"358":0,"359":0,"360":0,"361":0,"362":0},"b":{"1":[0,0],"2":[0,0],"3":[0,0],"4":[0,0],"5":[0,0],"6":[0,0],"7":[0,0],"8":[0,0],"9":[0,0],"10":[0,0],"11":[0,0],"12":[0,0],"13":[0,0],"14":[0,0],"15":[0,0],"16":[0,0],"17":[0,0],"18":[0,0],"19":[0,0],"20":[0,0],"21":[0,0],"22":[0,0],"23":[0,0],"24":[0,0],"25":[0,0],"26":[0,0],"27":[0,0],"28":[0,0],"29":[0,0],"30":[0,0],"31":[0,0],"32":[0,0],"33":[0,0],"34":[0,0],"35":[0,0],"36":[0,0],"37":[0,0],"38":[0,0],"39":[0,0],"40":[0,0],"41":[0,0],"42":[0,0],"43":[0,0],"44":[0,0],"45":[0,0],"46":[0,0],"47":[0,0],"48":[0,0],"49":[0,0],"50":[0,0],"51":[0,0],"52":[0,0],"53":[0,0],"54":[0,0],"55":[0,0],"56":[0,0],"57":[0,0],"58":[0,0],"59":[0,0],"60":[0,0],"61":[0,0],"62":[0,0],"63":[0,0],"64":[0,0],"65":[0,0],"66":[0,0],"67":[0,0],"68":[0,0],"69":[0,0],"70":[0,0],"71":[0,0],"72":[0,0],"73":[0,0],"74":[0,0],"75":[0,0],"76":[0,0],"77":[0,0],"78":[0,0]},"f":{"1":0,"2":0,"3":0,"4":0,"5":0,"6":0,"7":0,"8":0,"9":0,"10":0,"11":0,"12":0,"13":0,"14":0,"15":0,"16":0,"17":0,"18":0,"19":0,"20":0,"21":0,"22":0,"23":0,"24":0,"25":0,"26":0,"27":0,"28":0,"29":0,"30":0,"31":0,"32":0,"33":0,"34":0,"35":0,"36":0,"37":0,"38":0,"39":0,"40":0,"41":0,"42":0,"43":0,"44":0,"45":0,"46":0,"47":0,"48":0,"49":0,"50":0,"51":0,"52":0,"53":0,"54":0,"55":0,"56":0,"57":0,"58":0,"59":0,"60":0,"61":0,"62":0,"63":0,"64":0,"65":0,"66":0,"67":0,"68":0,"69":0,"70":0,"71":0,"72":0,"73":0,"74":0,"75":0,"76":0,"77":0,"78":0,"79":0,"80":0,"81":0,"82":0,"83":0,"84":0,"85":0,"86":0,"87":0,"88":0,"89":0,"90":0,"91":0,"92":0,"93":0,"94":0,"95":0},"fnMap":{"1":{"name":"add","line":33,"loc":{"start":{"line":33,"column":4},"end":{"line":38,"column":4}}},"2":{"name":"sub","line":50,"loc":{"start":{"line":50,"column":4},"end":{"line":52,"column":4}}},"3":{"name":"sub","line":64,"loc":{"start":{"line":64,"column":4},"end":{"line":73,"column":4}}},"4":{"name":"mul","line":85,"loc":{"start":{"line":85,"column":4},"end":{"line":97,"column":4}}},"5":{"name":"div","line":111,"loc":{"start":{"line":111,"column":4},"end":{"line":113,"column":4}}},"6":{"name":"div","line":127,"loc":{"start":{"line":127,"column":4},"end":{"line":137,"column":4}}},"7":{"name":"mod","line":151,"loc":{"start":{"line":151,"column":4},"end":{"line":153,"column":4}}},"8":{"name":"mod","line":167,"loc":{"start":{"line":167,"column":4},"end":{"line":174,"column":4}}},"9":{"name":"min","line":176,"loc":{"start":{"line":176,"column":4},"end":{"line":178,"column":4}}},"10":{"name":"sqrt","line":181,"loc":{"start":{"line":181,"column":4},"end":{"line":192,"column":4}}},"11":{"name":"isContract","line":313,"loc":{"start":{"line":313,"column":4},"end":{"line":324,"column":4}}},"12":{"name":"sendValue","line":342,"loc":{"start":{"line":342,"column":4},"end":{"line":348,"column":4}}},"13":{"name":"functionCall","line":368,"loc":{"start":{"line":368,"column":4},"end":{"line":370,"column":4}}},"14":{"name":"functionCall","line":378,"loc":{"start":{"line":378,"column":4},"end":{"line":384,"column":4}}},"15":{"name":"functionCallWithValue","line":397,"loc":{"start":{"line":397,"column":4},"end":{"line":403,"column":4}}},"16":{"name":"functionCallWithValue","line":411,"loc":{"start":{"line":411,"column":4},"end":{"line":419,"column":4}}},"17":{"name":"_functionCallWithValue","line":421,"loc":{"start":{"line":421,"column":4},"end":{"line":447,"column":4}}},"18":{"name":"safeTransfer","line":464,"loc":{"start":{"line":464,"column":4},"end":{"line":470,"column":4}}},"19":{"name":"safeTransferFrom","line":472,"loc":{"start":{"line":472,"column":4},"end":{"line":479,"column":4}}},"20":{"name":"safeApprove","line":488,"loc":{"start":{"line":488,"column":4},"end":{"line":502,"column":4}}},"21":{"name":"safeIncreaseAllowance","line":504,"loc":{"start":{"line":504,"column":4},"end":{"line":511,"column":4}}},"22":{"name":"safeDecreaseAllowance","line":513,"loc":{"start":{"line":513,"column":4},"end":{"line":523,"column":4}}},"23":{"name":"_callOptionalReturn","line":531,"loc":{"start":{"line":531,"column":4},"end":{"line":542,"column":4}}},"24":{"name":"constructor","line":559,"loc":{"start":{"line":559,"column":4},"end":{"line":559,"column":28}}},"25":{"name":"_msgSender","line":561,"loc":{"start":{"line":561,"column":4},"end":{"line":563,"column":4}}},"26":{"name":"_msgData","line":565,"loc":{"start":{"line":565,"column":4},"end":{"line":568,"column":4}}},"27":{"name":"constructor","line":592,"loc":{"start":{"line":592,"column":4},"end":{"line":596,"column":4}}},"28":{"name":"owner","line":601,"loc":{"start":{"line":601,"column":4},"end":{"line":603,"column":4}}},"29":{"name":"onlyOwner","line":608,"loc":{"start":{"line":608,"column":4},"end":{"line":611,"column":4}}},"30":{"name":"renounceOwnership","line":620,"loc":{"start":{"line":620,"column":4},"end":{"line":623,"column":4}}},"31":{"name":"transferOwnership","line":629,"loc":{"start":{"line":629,"column":4},"end":{"line":631,"column":4}}},"32":{"name":"_transferOwnership","line":636,"loc":{"start":{"line":636,"column":4},"end":{"line":640,"column":4}}},"33":{"name":"constructor","line":691,"loc":{"start":{"line":691,"column":4},"end":{"line":695,"column":4}}},"34":{"name":"getOwner","line":700,"loc":{"start":{"line":700,"column":4},"end":{"line":702,"column":4}}},"35":{"name":"name","line":707,"loc":{"start":{"line":707,"column":4},"end":{"line":709,"column":4}}},"36":{"name":"decimals","line":714,"loc":{"start":{"line":714,"column":4},"end":{"line":716,"column":4}}},"37":{"name":"symbol","line":721,"loc":{"start":{"line":721,"column":4},"end":{"line":723,"column":4}}},"38":{"name":"totalSupply","line":728,"loc":{"start":{"line":728,"column":4},"end":{"line":730,"column":4}}},"39":{"name":"balanceOf","line":735,"loc":{"start":{"line":735,"column":4},"end":{"line":737,"column":4}}},"40":{"name":"transfer","line":747,"loc":{"start":{"line":747,"column":4},"end":{"line":750,"column":4}}},"41":{"name":"allowance","line":755,"loc":{"start":{"line":755,"column":4},"end":{"line":757,"column":4}}},"42":{"name":"approve","line":766,"loc":{"start":{"line":766,"column":4},"end":{"line":769,"column":4}}},"43":{"name":"transferFrom","line":783,"loc":{"start":{"line":783,"column":4},"end":{"line":795,"column":4}}},"44":{"name":"increaseAllowance","line":809,"loc":{"start":{"line":809,"column":4},"end":{"line":812,"column":4}}},"45":{"name":"decreaseAllowance","line":828,"loc":{"start":{"line":828,"column":4},"end":{"line":835,"column":4}}},"46":{"name":"mint","line":845,"loc":{"start":{"line":845,"column":4},"end":{"line":848,"column":4}}},"47":{"name":"_transfer","line":864,"loc":{"start":{"line":864,"column":4},"end":{"line":875,"column":4}}},"48":{"name":"_mint","line":886,"loc":{"start":{"line":886,"column":4},"end":{"line":892,"column":4}}},"49":{"name":"_burn","line":905,"loc":{"start":{"line":905,"column":4},"end":{"line":911,"column":4}}},"50":{"name":"_approve","line":926,"loc":{"start":{"line":926,"column":4},"end":{"line":936,"column":4}}},"51":{"name":"_burnFrom","line":944,"loc":{"start":{"line":944,"column":4},"end":{"line":951,"column":4}}},"52":{"name":"mint","line":957,"loc":{"start":{"line":957,"column":4},"end":{"line":960,"column":4}}},"53":{"name":"delegates","line":1002,"loc":{"start":{"line":1002,"column":4},"end":{"line":1008,"column":4}}},"54":{"name":"delegate","line":1014,"loc":{"start":{"line":1014,"column":4},"end":{"line":1016,"column":4}}},"55":{"name":"delegateBySig","line":1027,"loc":{"start":{"line":1027,"column":4},"end":{"line":1068,"column":4}}},"56":{"name":"getCurrentVotes","line":1075,"loc":{"start":{"line":1075,"column":4},"end":{"line":1082,"column":4}}},"57":{"name":"getPriorVotes","line":1091,"loc":{"start":{"line":1091,"column":4},"end":{"line":1127,"column":4}}},"58":{"name":"_delegate","line":1129,"loc":{"start":{"line":1129,"column":4},"end":{"line":1139,"column":4}}},"59":{"name":"_moveDelegates","line":1141,"loc":{"start":{"line":1141,"column":4},"end":{"line":1159,"column":4}}},"60":{"name":"_writeCheckpoint","line":1161,"loc":{"start":{"line":1161,"column":4},"end":{"line":1179,"column":4}}},"61":{"name":"safe32","line":1181,"loc":{"start":{"line":1181,"column":4},"end":{"line":1184,"column":4}}},"62":{"name":"getChainId","line":1186,"loc":{"start":{"line":1186,"column":4},"end":{"line":1190,"column":4}}},"63":{"name":"mint","line":1196,"loc":{"start":{"line":1196,"column":4},"end":{"line":1199,"column":4}}},"64":{"name":"burn","line":1201,"loc":{"start":{"line":1201,"column":4},"end":{"line":1204,"column":4}}},"65":{"name":"constructor","line":1210,"loc":{"start":{"line":1210,"column":4},"end":{"line":1214,"column":4}}},"66":{"name":"safeCakeTransfer","line":1217,"loc":{"start":{"line":1217,"column":4},"end":{"line":1224,"column":4}}},"67":{"name":"delegates","line":1266,"loc":{"start":{"line":1266,"column":4},"end":{"line":1272,"column":4}}},"68":{"name":"delegate","line":1278,"loc":{"start":{"line":1278,"column":4},"end":{"line":1280,"column":4}}},"69":{"name":"delegateBySig","line":1291,"loc":{"start":{"line":1291,"column":4},"end":{"line":1332,"column":4}}},"70":{"name":"getCurrentVotes","line":1339,"loc":{"start":{"line":1339,"column":4},"end":{"line":1346,"column":4}}},"71":{"name":"getPriorVotes","line":1355,"loc":{"start":{"line":1355,"column":4},"end":{"line":1391,"column":4}}},"72":{"name":"_delegate","line":1393,"loc":{"start":{"line":1393,"column":4},"end":{"line":1403,"column":4}}},"73":{"name":"_moveDelegates","line":1405,"loc":{"start":{"line":1405,"column":4},"end":{"line":1423,"column":4}}},"74":{"name":"_writeCheckpoint","line":1425,"loc":{"start":{"line":1425,"column":4},"end":{"line":1443,"column":4}}},"75":{"name":"safe32","line":1445,"loc":{"start":{"line":1445,"column":4},"end":{"line":1448,"column":4}}},"76":{"name":"getChainId","line":1450,"loc":{"start":{"line":1450,"column":4},"end":{"line":1454,"column":4}}},"77":{"name":"constructor","line":1533,"loc":{"start":{"line":1533,"column":4},"end":{"line":1556,"column":4}}},"78":{"name":"updateMultiplier","line":1558,"loc":{"start":{"line":1558,"column":4},"end":{"line":1560,"column":4}}},"79":{"name":"poolLength","line":1562,"loc":{"start":{"line":1562,"column":4},"end":{"line":1564,"column":4}}},"80":{"name":"add","line":1568,"loc":{"start":{"line":1568,"column":4},"end":{"line":1581,"column":4}}},"81":{"name":"set","line":1584,"loc":{"start":{"line":1584,"column":4},"end":{"line":1594,"column":4}}},"82":{"name":"updateStakingPool","line":1596,"loc":{"start":{"line":1596,"column":4},"end":{"line":1607,"column":4}}},"83":{"name":"setMigrator","line":1610,"loc":{"start":{"line":1610,"column":4},"end":{"line":1612,"column":4}}},"84":{"name":"migrate","line":1615,"loc":{"start":{"line":1615,"column":4},"end":{"line":1624,"column":4}}},"85":{"name":"getMultiplier","line":1627,"loc":{"start":{"line":1627,"column":4},"end":{"line":1629,"column":4}}},"86":{"name":"pendingCake","line":1632,"loc":{"start":{"line":1632,"column":4},"end":{"line":1643,"column":4}}},"87":{"name":"massUpdatePools","line":1646,"loc":{"start":{"line":1646,"column":4},"end":{"line":1651,"column":4}}},"88":{"name":"updatePool","line":1655,"loc":{"start":{"line":1655,"column":4},"end":{"line":1671,"column":4}}},"89":{"name":"deposit","line":1674,"loc":{"start":{"line":1674,"column":4},"end":{"line":1693,"column":4}}},"90":{"name":"withdraw","line":1696,"loc":{"start":{"line":1696,"column":4},"end":{"line":1714,"column":4}}},"91":{"name":"enterStaking","line":1717,"loc":{"start":{"line":1717,"column":4},"end":{"line":1735,"column":4}}},"92":{"name":"leaveStaking","line":1738,"loc":{"start":{"line":1738,"column":4},"end":{"line":1755,"column":4}}},"93":{"name":"emergencyWithdraw","line":1758,"loc":{"start":{"line":1758,"column":4},"end":{"line":1765,"column":4}}},"94":{"name":"safeCakeTransfer","line":1768,"loc":{"start":{"line":1768,"column":4},"end":{"line":1770,"column":4}}},"95":{"name":"dev","line":1773,"loc":{"start":{"line":1773,"column":4},"end":{"line":1776,"column":4}}}},"statementMap":{"1":{"start":{"line":34,"column":8},"end":{"line":34,"column":25}},"2":{"start":{"line":35,"column":8},"end":{"line":35,"column":53}},"3":{"start":{"line":37,"column":8},"end":{"line":37,"column":16}},"4":{"start":{"line":51,"column":8},"end":{"line":51,"column":58}},"5":{"start":{"line":69,"column":8},"end":{"line":69,"column":36}},"6":{"start":{"line":70,"column":8},"end":{"line":70,"column":25}},"7":{"start":{"line":72,"column":8},"end":{"line":72,"column":16}},"8":{"start":{"line":89,"column":8},"end":{"line":89,"column":2551}},"9":{"start":{"line":90,"column":12},"end":{"line":90,"column":20}},"10":{"start":{"line":93,"column":8},"end":{"line":93,"column":25}},"11":{"start":{"line":94,"column":8},"end":{"line":94,"column":63}},"12":{"start":{"line":96,"column":8},"end":{"line":96,"column":16}},"13":{"start":{"line":112,"column":8},"end":{"line":112,"column":54}},"14":{"start":{"line":132,"column":8},"end":{"line":132,"column":35}},"15":{"start":{"line":133,"column":8},"end":{"line":133,"column":25}},"16":{"start":{"line":136,"column":8},"end":{"line":136,"column":16}},"17":{"start":{"line":152,"column":8},"end":{"line":152,"column":52}},"18":{"start":{"line":172,"column":8},"end":{"line":172,"column":36}},"19":{"start":{"line":173,"column":8},"end":{"line":173,"column":20}},"20":{"start":{"line":177,"column":8},"end":{"line":177,"column":24}},"21":{"start":{"line":182,"column":8},"end":{"line":182,"column":5627}},"22":{"start":{"line":183,"column":12},"end":{"line":183,"column":16}},"23":{"start":{"line":184,"column":12},"end":{"line":184,"column":33}},"24":{"start":{"line":185,"column":12},"end":{"line":185,"column":5710}},"25":{"start":{"line":186,"column":16},"end":{"line":186,"column":20}},"26":{"start":{"line":187,"column":16},"end":{"line":187,"column":34}},"27":{"start":{"line":189,"column":15},"end":{"line":189,"column":5811}},"28":{"start":{"line":190,"column":12},"end":{"line":190,"column":16}},"29":{"start":{"line":317,"column":8},"end":{"line":317,"column":24}},"30":{"start":{"line":318,"column":8},"end":{"line":318,"column":96}},"31":{"start":{"line":323,"column":8},"end":{"line":323,"column":59}},"32":{"start":{"line":343,"column":8},"end":{"line":343,"column":80}},"33":{"start":{"line":346,"column":8},"end":{"line":346,"column":60}},"34":{"start":{"line":347,"column":8},"end":{"line":347,"column":85}},"35":{"start":{"line":369,"column":8},"end":{"line":369,"column":75}},"36":{"start":{"line":383,"column":8},"end":{"line":383,"column":68}},"37":{"start":{"line":402,"column":8},"end":{"line":402,"column":102}},"38":{"start":{"line":417,"column":8},"end":{"line":417,"column":88}},"39":{"start":{"line":418,"column":8},"end":{"line":418,"column":72}},"40":{"start":{"line":427,"column":8},"end":{"line":427,"column":67}},"41":{"start":{"line":430,"column":8},"end":{"line":430,"column":84}},"42":{"start":{"line":431,"column":8},"end":{"line":431,"column":14510}},"43":{"start":{"line":432,"column":12},"end":{"line":432,"column":29}},"44":{"start":{"line":435,"column":12},"end":{"line":435,"column":14655}},"45":{"start":{"line":444,"column":16},"end":{"line":444,"column":35}},"46":{"start":{"line":469,"column":8},"end":{"line":469,"column":93}},"47":{"start":{"line":478,"column":8},"end":{"line":478,"column":103}},"48":{"start":{"line":497,"column":8},"end":{"line":497,"column":16748}},"49":{"start":{"line":501,"column":8},"end":{"line":501,"column":97}},"50":{"start":{"line":509,"column":8},"end":{"line":509,"column":81}},"51":{"start":{"line":510,"column":8},"end":{"line":510,"column":104}},"52":{"start":{"line":518,"column":8},"end":{"line":518,"column":17470}},"53":{"start":{"line":522,"column":8},"end":{"line":522,"column":104}},"54":{"start":{"line":536,"column":8},"end":{"line":536,"column":103}},"55":{"start":{"line":537,"column":8},"end":{"line":537,"column":18642}},"56":{"start":{"line":540,"column":12},"end":{"line":540,"column":96}},"57":{"start":{"line":562,"column":8},"end":{"line":562,"column":25}},"58":{"start":{"line":567,"column":8},"end":{"line":567,"column":23}},"59":{"start":{"line":593,"column":8},"end":{"line":593,"column":40}},"60":{"start":{"line":594,"column":8},"end":{"line":594,"column":25}},"61":{"start":{"line":595,"column":8},"end":{"line":595,"column":56}},"62":{"start":{"line":602,"column":8},"end":{"line":602,"column":21}},"63":{"start":{"line":609,"column":8},"end":{"line":609,"column":74}},"64":{"start":{"line":621,"column":8},"end":{"line":621,"column":53}},"65":{"start":{"line":622,"column":8},"end":{"line":622,"column":26}},"66":{"start":{"line":630,"column":8},"end":{"line":630,"column":35}},"67":{"start":{"line":637,"column":8},"end":{"line":637,"column":80}},"68":{"start":{"line":638,"column":8},"end":{"line":638,"column":51}},"69":{"start":{"line":639,"column":8},"end":{"line":639,"column":24}},"70":{"start":{"line":692,"column":8},"end":{"line":692,"column":19}},"71":{"start":{"line":693,"column":8},"end":{"line":693,"column":23}},"72":{"start":{"line":694,"column":8},"end":{"line":694,"column":21}},"73":{"start":{"line":701,"column":8},"end":{"line":701,"column":22}},"74":{"start":{"line":708,"column":8},"end":{"line":708,"column":20}},"75":{"start":{"line":715,"column":8},"end":{"line":715,"column":24}},"76":{"start":{"line":722,"column":8},"end":{"line":722,"column":22}},"77":{"start":{"line":729,"column":8},"end":{"line":729,"column":27}},"78":{"start":{"line":736,"column":8},"end":{"line":736,"column":33}},"79":{"start":{"line":748,"column":8},"end":{"line":748,"column":49}},"80":{"start":{"line":749,"column":8},"end":{"line":749,"column":19}},"81":{"start":{"line":756,"column":8},"end":{"line":756,"column":42}},"82":{"start":{"line":767,"column":8},"end":{"line":767,"column":46}},"83":{"start":{"line":768,"column":8},"end":{"line":768,"column":19}},"84":{"start":{"line":788,"column":8},"end":{"line":788,"column":43}},"85":{"start":{"line":789,"column":8},"end":{"line":789,"column":26680}},"86":{"start":{"line":794,"column":8},"end":{"line":794,"column":19}},"87":{"start":{"line":810,"column":8},"end":{"line":810,"column":90}},"88":{"start":{"line":811,"column":8},"end":{"line":811,"column":19}},"89":{"start":{"line":829,"column":8},"end":{"line":829,"column":28063}},"90":{"start":{"line":834,"column":8},"end":{"line":834,"column":19}},"91":{"start":{"line":846,"column":8},"end":{"line":846,"column":34}},"92":{"start":{"line":847,"column":8},"end":{"line":847,"column":19}},"93":{"start":{"line":869,"column":8},"end":{"line":869,"column":77}},"94":{"start":{"line":870,"column":8},"end":{"line":870,"column":78}},"95":{"start":{"line":872,"column":8},"end":{"line":872,"column":98}},"96":{"start":{"line":873,"column":8},"end":{"line":873,"column":62}},"97":{"start":{"line":874,"column":8},"end":{"line":874,"column":48}},"98":{"start":{"line":887,"column":8},"end":{"line":887,"column":72}},"99":{"start":{"line":889,"column":8},"end":{"line":889,"column":46}},"100":{"start":{"line":890,"column":8},"end":{"line":890,"column":58}},"101":{"start":{"line":891,"column":8},"end":{"line":891,"column":50}},"102":{"start":{"line":906,"column":8},"end":{"line":906,"column":74}},"103":{"start":{"line":908,"column":8},"end":{"line":908,"column":96}},"104":{"start":{"line":909,"column":8},"end":{"line":909,"column":46}},"105":{"start":{"line":910,"column":8},"end":{"line":910,"column":50}},"106":{"start":{"line":931,"column":8},"end":{"line":931,"column":75}},"107":{"start":{"line":932,"column":8},"end":{"line":932,"column":75}},"108":{"start":{"line":934,"column":8},"end":{"line":934,"column":43}},"109":{"start":{"line":935,"column":8},"end":{"line":935,"column":45}},"110":{"start":{"line":945,"column":8},"end":{"line":945,"column":29}},"111":{"start":{"line":946,"column":8},"end":{"line":946,"column":31870}},"112":{"start":{"line":958,"column":8},"end":{"line":958,"column":26}},"113":{"start":{"line":959,"column":8},"end":{"line":959,"column":59}},"114":{"start":{"line":1007,"column":8},"end":{"line":1007,"column":36}},"115":{"start":{"line":1015,"column":8},"end":{"line":1015,"column":47}},"116":{"start":{"line":1037,"column":8},"end":{"line":1037,"column":35344}},"117":{"start":{"line":1046,"column":8},"end":{"line":1046,"column":35574}},"118":{"start":{"line":1055,"column":8},"end":{"line":1055,"column":35774}},"119":{"start":{"line":1063,"column":8},"end":{"line":1063,"column":54}},"120":{"start":{"line":1064,"column":8},"end":{"line":1064,"column":81}},"121":{"start":{"line":1065,"column":8},"end":{"line":1065,"column":82}},"122":{"start":{"line":1066,"column":8},"end":{"line":1066,"column":71}},"123":{"start":{"line":1067,"column":8},"end":{"line":1067,"column":46}},"124":{"start":{"line":1080,"column":8},"end":{"line":1080,"column":53}},"125":{"start":{"line":1081,"column":8},"end":{"line":1081,"column":82}},"126":{"start":{"line":1096,"column":8},"end":{"line":1096,"column":85}},"127":{"start":{"line":1098,"column":8},"end":{"line":1098,"column":53}},"128":{"start":{"line":1099,"column":8},"end":{"line":1099,"column":37433}},"129":{"start":{"line":1100,"column":12},"end":{"line":1100,"column":20}},"130":{"start":{"line":1104,"column":8},"end":{"line":1104,"column":37542}},"131":{"start":{"line":1105,"column":12},"end":{"line":1105,"column":63}},"132":{"start":{"line":1109,"column":8},"end":{"line":1109,"column":37741}},"133":{"start":{"line":1110,"column":12},"end":{"line":1110,"column":20}},"134":{"start":{"line":1113,"column":8},"end":{"line":1113,"column":24}},"135":{"start":{"line":1114,"column":8},"end":{"line":1114,"column":39}},"136":{"start":{"line":1115,"column":8},"end":{"line":1115,"column":37904}},"137":{"start":{"line":1116,"column":12},"end":{"line":1116,"column":55}},"138":{"start":{"line":1117,"column":12},"end":{"line":1117,"column":63}},"139":{"start":{"line":1118,"column":12},"end":{"line":1118,"column":38093}},"140":{"start":{"line":1119,"column":16},"end":{"line":1119,"column":31}},"141":{"start":{"line":1120,"column":19},"end":{"line":1120,"column":38180}},"142":{"start":{"line":1121,"column":16},"end":{"line":1121,"column":29}},"143":{"start":{"line":1123,"column":16},"end":{"line":1123,"column":33}},"144":{"start":{"line":1126,"column":8},"end":{"line":1126,"column":48}},"145":{"start":{"line":1132,"column":8},"end":{"line":1132,"column":55}},"146":{"start":{"line":1133,"column":8},"end":{"line":1133,"column":55}},"147":{"start":{"line":1134,"column":8},"end":{"line":1134,"column":40}},"148":{"start":{"line":1136,"column":8},"end":{"line":1136,"column":67}},"149":{"start":{"line":1138,"column":8},"end":{"line":1138,"column":67}},"150":{"start":{"line":1142,"column":8},"end":{"line":1142,"column":38909}},"151":{"start":{"line":1143,"column":12},"end":{"line":1143,"column":38963}},"152":{"start":{"line":1145,"column":16},"end":{"line":1145,"column":57}},"153":{"start":{"line":1146,"column":16},"end":{"line":1146,"column":96}},"154":{"start":{"line":1147,"column":16},"end":{"line":1147,"column":57}},"155":{"start":{"line":1148,"column":16},"end":{"line":1148,"column":72}},"156":{"start":{"line":1151,"column":12},"end":{"line":1151,"column":39356}},"157":{"start":{"line":1153,"column":16},"end":{"line":1153,"column":57}},"158":{"start":{"line":1154,"column":16},"end":{"line":1154,"column":96}},"159":{"start":{"line":1155,"column":16},"end":{"line":1155,"column":57}},"160":{"start":{"line":1156,"column":16},"end":{"line":1156,"column":72}},"161":{"start":{"line":1169,"column":8},"end":{"line":1169,"column":105}},"162":{"start":{"line":1171,"column":8},"end":{"line":1171,"column":40032}},"163":{"start":{"line":1172,"column":12},"end":{"line":1172,"column":68}},"164":{"start":{"line":1174,"column":12},"end":{"line":1174,"column":83}},"165":{"start":{"line":1175,"column":12},"end":{"line":1175,"column":55}},"166":{"start":{"line":1178,"column":8},"end":{"line":1178,"column":64}},"167":{"start":{"line":1182,"column":8},"end":{"line":1182,"column":39}},"168":{"start":{"line":1183,"column":8},"end":{"line":1183,"column":24}},"169":{"start":{"line":1187,"column":8},"end":{"line":1187,"column":23}},"170":{"start":{"line":1189,"column":8},"end":{"line":1189,"column":22}},"171":{"start":{"line":1197,"column":8},"end":{"line":1197,"column":26}},"172":{"start":{"line":1198,"column":8},"end":{"line":1198,"column":59}},"173":{"start":{"line":1202,"column":8},"end":{"line":1202,"column":28}},"174":{"start":{"line":1203,"column":8},"end":{"line":1203,"column":61}},"175":{"start":{"line":1213,"column":8},"end":{"line":1213,"column":19}},"176":{"start":{"line":1218,"column":8},"end":{"line":1218,"column":55}},"177":{"start":{"line":1219,"column":8},"end":{"line":1219,"column":41666}},"178":{"start":{"line":1220,"column":12},"end":{"line":1220,"column":38}},"179":{"start":{"line":1222,"column":12},"end":{"line":1222,"column":38}},"180":{"start":{"line":1271,"column":8},"end":{"line":1271,"column":36}},"181":{"start":{"line":1279,"column":8},"end":{"line":1279,"column":47}},"182":{"start":{"line":1301,"column":8},"end":{"line":1301,"column":44754}},"183":{"start":{"line":1310,"column":8},"end":{"line":1310,"column":44984}},"184":{"start":{"line":1319,"column":8},"end":{"line":1319,"column":45184}},"185":{"start":{"line":1327,"column":8},"end":{"line":1327,"column":54}},"186":{"start":{"line":1328,"column":8},"end":{"line":1328,"column":81}},"187":{"start":{"line":1329,"column":8},"end":{"line":1329,"column":82}},"188":{"start":{"line":1330,"column":8},"end":{"line":1330,"column":71}},"189":{"start":{"line":1331,"column":8},"end":{"line":1331,"column":46}},"190":{"start":{"line":1344,"column":8},"end":{"line":1344,"column":53}},"191":{"start":{"line":1345,"column":8},"end":{"line":1345,"column":82}},"192":{"start":{"line":1360,"column":8},"end":{"line":1360,"column":85}},"193":{"start":{"line":1362,"column":8},"end":{"line":1362,"column":53}},"194":{"start":{"line":1363,"column":8},"end":{"line":1363,"column":46843}},"195":{"start":{"line":1364,"column":12},"end":{"line":1364,"column":20}},"196":{"start":{"line":1368,"column":8},"end":{"line":1368,"column":46952}},"197":{"start":{"line":1369,"column":12},"end":{"line":1369,"column":63}},"198":{"start":{"line":1373,"column":8},"end":{"line":1373,"column":47151}},"199":{"start":{"line":1374,"column":12},"end":{"line":1374,"column":20}},"200":{"start":{"line":1377,"column":8},"end":{"line":1377,"column":24}},"201":{"start":{"line":1378,"column":8},"end":{"line":1378,"column":39}},"202":{"start":{"line":1379,"column":8},"end":{"line":1379,"column":47314}},"203":{"start":{"line":1380,"column":12},"end":{"line":1380,"column":55}},"204":{"start":{"line":1381,"column":12},"end":{"line":1381,"column":63}},"205":{"start":{"line":1382,"column":12},"end":{"line":1382,"column":47503}},"206":{"start":{"line":1383,"column":16},"end":{"line":1383,"column":31}},"207":{"start":{"line":1384,"column":19},"end":{"line":1384,"column":47590}},"208":{"start":{"line":1385,"column":16},"end":{"line":1385,"column":29}},"209":{"start":{"line":1387,"column":16},"end":{"line":1387,"column":33}},"210":{"start":{"line":1390,"column":8},"end":{"line":1390,"column":48}},"211":{"start":{"line":1396,"column":8},"end":{"line":1396,"column":55}},"212":{"start":{"line":1397,"column":8},"end":{"line":1397,"column":55}},"213":{"start":{"line":1398,"column":8},"end":{"line":1398,"column":40}},"214":{"start":{"line":1400,"column":8},"end":{"line":1400,"column":67}},"215":{"start":{"line":1402,"column":8},"end":{"line":1402,"column":67}},"216":{"start":{"line":1406,"column":8},"end":{"line":1406,"column":48319}},"217":{"start":{"line":1407,"column":12},"end":{"line":1407,"column":48373}},"218":{"start":{"line":1409,"column":16},"end":{"line":1409,"column":57}},"219":{"start":{"line":1410,"column":16},"end":{"line":1410,"column":96}},"220":{"start":{"line":1411,"column":16},"end":{"line":1411,"column":57}},"221":{"start":{"line":1412,"column":16},"end":{"line":1412,"column":72}},"222":{"start":{"line":1415,"column":12},"end":{"line":1415,"column":48766}},"223":{"start":{"line":1417,"column":16},"end":{"line":1417,"column":57}},"224":{"start":{"line":1418,"column":16},"end":{"line":1418,"column":96}},"225":{"start":{"line":1419,"column":16},"end":{"line":1419,"column":57}},"226":{"start":{"line":1420,"column":16},"end":{"line":1420,"column":72}},"227":{"start":{"line":1433,"column":8},"end":{"line":1433,"column":105}},"228":{"start":{"line":1435,"column":8},"end":{"line":1435,"column":49442}},"229":{"start":{"line":1436,"column":12},"end":{"line":1436,"column":68}},"230":{"start":{"line":1438,"column":12},"end":{"line":1438,"column":83}},"231":{"start":{"line":1439,"column":12},"end":{"line":1439,"column":55}},"232":{"start":{"line":1442,"column":8},"end":{"line":1442,"column":64}},"233":{"start":{"line":1446,"column":8},"end":{"line":1446,"column":39}},"234":{"start":{"line":1447,"column":8},"end":{"line":1447,"column":24}},"235":{"start":{"line":1451,"column":8},"end":{"line":1451,"column":23}},"236":{"start":{"line":1453,"column":8},"end":{"line":1453,"column":22}},"237":{"start":{"line":1540,"column":8},"end":{"line":1540,"column":19}},"238":{"start":{"line":1541,"column":8},"end":{"line":1541,"column":21}},"239":{"start":{"line":1542,"column":8},"end":{"line":1542,"column":25}},"240":{"start":{"line":1543,"column":8},"end":{"line":1543,"column":35}},"241":{"start":{"line":1544,"column":8},"end":{"line":1544,"column":31}},"242":{"start":{"line":1547,"column":8},"end":{"line":1547,"column":53933}},"243":{"start":{"line":1554,"column":8},"end":{"line":1554,"column":29}},"244":{"start":{"line":1559,"column":8},"end":{"line":1559,"column":42}},"245":{"start":{"line":1563,"column":8},"end":{"line":1563,"column":30}},"246":{"start":{"line":1569,"column":8},"end":{"line":1569,"column":54625}},"247":{"start":{"line":1570,"column":12},"end":{"line":1570,"column":28}},"248":{"start":{"line":1572,"column":8},"end":{"line":1572,"column":87}},"249":{"start":{"line":1573,"column":8},"end":{"line":1573,"column":57}},"250":{"start":{"line":1574,"column":8},"end":{"line":1574,"column":54844}},"251":{"start":{"line":1580,"column":8},"end":{"line":1580,"column":26}},"252":{"start":{"line":1585,"column":8},"end":{"line":1585,"column":55245}},"253":{"start":{"line":1586,"column":12},"end":{"line":1586,"column":28}},"254":{"start":{"line":1588,"column":8},"end":{"line":1588,"column":88}},"255":{"start":{"line":1589,"column":8},"end":{"line":1589,"column":58}},"256":{"start":{"line":1590,"column":8},"end":{"line":1590,"column":46}},"257":{"start":{"line":1591,"column":8},"end":{"line":1591,"column":55513}},"258":{"start":{"line":1592,"column":12},"end":{"line":1592,"column":30}},"259":{"start":{"line":1597,"column":8},"end":{"line":1597,"column":40}},"260":{"start":{"line":1598,"column":8},"end":{"line":1598,"column":26}},"261":{"start":{"line":1599,"column":8},"end":{"line":1599,"column":55722}},"262":{"start":{"line":1600,"column":12},"end":{"line":1600,"column":56}},"263":{"start":{"line":1602,"column":8},"end":{"line":1602,"column":55844}},"264":{"start":{"line":1603,"column":12},"end":{"line":1603,"column":33}},"265":{"start":{"line":1604,"column":12},"end":{"line":1604,"column":84}},"266":{"start":{"line":1605,"column":12},"end":{"line":1605,"column":42}},"267":{"start":{"line":1611,"column":8},"end":{"line":1611,"column":27}},"268":{"start":{"line":1616,"column":8},"end":{"line":1616,"column":71}},"269":{"start":{"line":1617,"column":8},"end":{"line":1617,"column":46}},"270":{"start":{"line":1618,"column":8},"end":{"line":1618,"column":37}},"271":{"start":{"line":1619,"column":8},"end":{"line":1619,"column":54}},"272":{"start":{"line":1620,"column":8},"end":{"line":1620,"column":50}},"273":{"start":{"line":1621,"column":8},"end":{"line":1621,"column":53}},"274":{"start":{"line":1622,"column":8},"end":{"line":1622,"column":74}},"275":{"start":{"line":1623,"column":8},"end":{"line":1623,"column":32}},"276":{"start":{"line":1628,"column":8},"end":{"line":1628,"column":51}},"277":{"start":{"line":1633,"column":8},"end":{"line":1633,"column":46}},"278":{"start":{"line":1634,"column":8},"end":{"line":1634,"column":53}},"279":{"start":{"line":1635,"column":8},"end":{"line":1635,"column":54}},"280":{"start":{"line":1636,"column":8},"end":{"line":1636,"column":64}},"281":{"start":{"line":1637,"column":8},"end":{"line":1637,"column":57413}},"282":{"start":{"line":1638,"column":12},"end":{"line":1638,"column":82}},"283":{"start":{"line":1639,"column":12},"end":{"line":1639,"column":103}},"284":{"start":{"line":1640,"column":12},"end":{"line":1640,"column":84}},"285":{"start":{"line":1642,"column":8},"end":{"line":1642,"column":78}},"286":{"start":{"line":1647,"column":8},"end":{"line":1647,"column":40}},"287":{"start":{"line":1648,"column":8},"end":{"line":1648,"column":58010}},"288":{"start":{"line":1649,"column":12},"end":{"line":1649,"column":26}},"289":{"start":{"line":1656,"column":8},"end":{"line":1656,"column":46}},"290":{"start":{"line":1657,"column":8},"end":{"line":1657,"column":58272}},"291":{"start":{"line":1658,"column":12},"end":{"line":1658,"column":18}},"292":{"start":{"line":1660,"column":8},"end":{"line":1660,"column":64}},"293":{"start":{"line":1661,"column":8},"end":{"line":1661,"column":58420}},"294":{"start":{"line":1662,"column":12},"end":{"line":1662,"column":46}},"295":{"start":{"line":1663,"column":12},"end":{"line":1663,"column":18}},"296":{"start":{"line":1665,"column":8},"end":{"line":1665,"column":78}},"297":{"start":{"line":1666,"column":8},"end":{"line":1666,"column":99}},"298":{"start":{"line":1667,"column":8},"end":{"line":1667,"column":45}},"299":{"start":{"line":1668,"column":8},"end":{"line":1668,"column":44}},"300":{"start":{"line":1669,"column":8},"end":{"line":1669,"column":90}},"301":{"start":{"line":1670,"column":8},"end":{"line":1670,"column":42}},"302":{"start":{"line":1676,"column":8},"end":{"line":1676,"column":53}},"303":{"start":{"line":1678,"column":8},"end":{"line":1678,"column":46}},"304":{"start":{"line":1679,"column":8},"end":{"line":1679,"column":58}},"305":{"start":{"line":1680,"column":8},"end":{"line":1680,"column":23}},"306":{"start":{"line":1681,"column":8},"end":{"line":1681,"column":59262}},"307":{"start":{"line":1682,"column":12},"end":{"line":1682,"column":98}},"308":{"start":{"line":1683,"column":12},"end":{"line":1683,"column":59401}},"309":{"start":{"line":1684,"column":16},"end":{"line":1684,"column":52}},"310":{"start":{"line":1687,"column":8},"end":{"line":1687,"column":59502}},"311":{"start":{"line":1688,"column":12},"end":{"line":1688,"column":85}},"312":{"start":{"line":1689,"column":12},"end":{"line":1689,"column":49}},"313":{"start":{"line":1691,"column":8},"end":{"line":1691,"column":72}},"314":{"start":{"line":1692,"column":8},"end":{"line":1692,"column":47}},"315":{"start":{"line":1698,"column":8},"end":{"line":1698,"column":56}},"316":{"start":{"line":1700,"column":8},"end":{"line":1700,"column":46}},"317":{"start":{"line":1701,"column":8},"end":{"line":1701,"column":58}},"318":{"start":{"line":1702,"column":8},"end":{"line":1702,"column":60}},"319":{"start":{"line":1703,"column":8},"end":{"line":1703,"column":23}},"320":{"start":{"line":1704,"column":8},"end":{"line":1704,"column":94}},"321":{"start":{"line":1705,"column":8},"end":{"line":1705,"column":60269}},"322":{"start":{"line":1706,"column":12},"end":{"line":1706,"column":48}},"323":{"start":{"line":1708,"column":8},"end":{"line":1708,"column":60356}},"324":{"start":{"line":1709,"column":12},"end":{"line":1709,"column":49}},"325":{"start":{"line":1710,"column":12},"end":{"line":1710,"column":66}},"326":{"start":{"line":1712,"column":8},"end":{"line":1712,"column":72}},"327":{"start":{"line":1713,"column":8},"end":{"line":1713,"column":48}},"328":{"start":{"line":1718,"column":8},"end":{"line":1718,"column":43}},"329":{"start":{"line":1719,"column":8},"end":{"line":1719,"column":55}},"330":{"start":{"line":1720,"column":8},"end":{"line":1720,"column":20}},"331":{"start":{"line":1721,"column":8},"end":{"line":1721,"column":60861}},"332":{"start":{"line":1722,"column":12},"end":{"line":1722,"column":98}},"333":{"start":{"line":1723,"column":12},"end":{"line":1723,"column":61000}},"334":{"start":{"line":1724,"column":16},"end":{"line":1724,"column":52}},"335":{"start":{"line":1727,"column":8},"end":{"line":1727,"column":61101}},"336":{"start":{"line":1728,"column":12},"end":{"line":1728,"column":85}},"337":{"start":{"line":1729,"column":12},"end":{"line":1729,"column":49}},"338":{"start":{"line":1731,"column":8},"end":{"line":1731,"column":72}},"339":{"start":{"line":1733,"column":8},"end":{"line":1733,"column":38}},"340":{"start":{"line":1734,"column":8},"end":{"line":1734,"column":44}},"341":{"start":{"line":1739,"column":8},"end":{"line":1739,"column":43}},"342":{"start":{"line":1740,"column":8},"end":{"line":1740,"column":55}},"343":{"start":{"line":1741,"column":8},"end":{"line":1741,"column":60}},"344":{"start":{"line":1742,"column":8},"end":{"line":1742,"column":20}},"345":{"start":{"line":1743,"column":8},"end":{"line":1743,"column":94}},"346":{"start":{"line":1744,"column":8},"end":{"line":1744,"column":61825}},"347":{"start":{"line":1745,"column":12},"end":{"line":1745,"column":48}},"348":{"start":{"line":1747,"column":8},"end":{"line":1747,"column":61912}},"349":{"start":{"line":1748,"column":12},"end":{"line":1748,"column":49}},"350":{"start":{"line":1749,"column":12},"end":{"line":1749,"column":66}},"351":{"start":{"line":1751,"column":8},"end":{"line":1751,"column":72}},"352":{"start":{"line":1753,"column":8},"end":{"line":1753,"column":38}},"353":{"start":{"line":1754,"column":8},"end":{"line":1754,"column":45}},"354":{"start":{"line":1759,"column":8},"end":{"line":1759,"column":46}},"355":{"start":{"line":1760,"column":8},"end":{"line":1760,"column":58}},"356":{"start":{"line":1761,"column":8},"end":{"line":1761,"column":66}},"357":{"start":{"line":1762,"column":8},"end":{"line":1762,"column":61}},"358":{"start":{"line":1763,"column":8},"end":{"line":1763,"column":22}},"359":{"start":{"line":1764,"column":8},"end":{"line":1764,"column":26}},"360":{"start":{"line":1769,"column":8},"end":{"line":1769,"column":43}},"361":{"start":{"line":1774,"column":8},"end":{"line":1774,"column":50}},"362":{"start":{"line":1775,"column":8},"end":{"line":1775,"column":25}}},"branchMap":{"1":{"line":35,"type":"if","locations":[{"start":{"line":35,"column":8},"end":{"line":35,"column":8}},{"start":{"line":35,"column":8},"end":{"line":35,"column":8}}]},"2":{"line":69,"type":"if","locations":[{"start":{"line":69,"column":8},"end":{"line":69,"column":8}},{"start":{"line":69,"column":8},"end":{"line":69,"column":8}}]},"3":{"line":89,"type":"if","locations":[{"start":{"line":89,"column":8},"end":{"line":89,"column":8}},{"start":{"line":89,"column":8},"end":{"line":89,"column":8}}]},"4":{"line":94,"type":"if","locations":[{"start":{"line":94,"column":8},"end":{"line":94,"column":8}},{"start":{"line":94,"column":8},"end":{"line":94,"column":8}}]},"5":{"line":132,"type":"if","locations":[{"start":{"line":132,"column":8},"end":{"line":132,"column":8}},{"start":{"line":132,"column":8},"end":{"line":132,"column":8}}]},"6":{"line":172,"type":"if","locations":[{"start":{"line":172,"column":8},"end":{"line":172,"column":8}},{"start":{"line":172,"column":8},"end":{"line":172,"column":8}}]},"7":{"line":182,"type":"if","locations":[{"start":{"line":182,"column":8},"end":{"line":182,"column":8}},{"start":{"line":182,"column":8},"end":{"line":182,"column":8}}]},"8":{"line":189,"type":"if","locations":[{"start":{"line":189,"column":15},"end":{"line":189,"column":15}},{"start":{"line":189,"column":15},"end":{"line":189,"column":15}}]},"9":{"line":343,"type":"if","locations":[{"start":{"line":343,"column":8},"end":{"line":343,"column":8}},{"start":{"line":343,"column":8},"end":{"line":343,"column":8}}]},"10":{"line":347,"type":"if","locations":[{"start":{"line":347,"column":8},"end":{"line":347,"column":8}},{"start":{"line":347,"column":8},"end":{"line":347,"column":8}}]},"11":{"line":417,"type":"if","locations":[{"start":{"line":417,"column":8},"end":{"line":417,"column":8}},{"start":{"line":417,"column":8},"end":{"line":417,"column":8}}]},"12":{"line":427,"type":"if","locations":[{"start":{"line":427,"column":8},"end":{"line":427,"column":8}},{"start":{"line":427,"column":8},"end":{"line":427,"column":8}}]},"13":{"line":431,"type":"if","locations":[{"start":{"line":431,"column":8},"end":{"line":431,"column":8}},{"start":{"line":431,"column":8},"end":{"line":431,"column":8}}]},"14":{"line":435,"type":"if","locations":[{"start":{"line":435,"column":12},"end":{"line":435,"column":12}},{"start":{"line":435,"column":12},"end":{"line":435,"column":12}}]},"15":{"line":497,"type":"if","locations":[{"start":{"line":497,"column":8},"end":{"line":497,"column":8}},{"start":{"line":497,"column":8},"end":{"line":497,"column":8}}]},"16":{"line":537,"type":"if","locations":[{"start":{"line":537,"column":8},"end":{"line":537,"column":8}},{"start":{"line":537,"column":8},"end":{"line":537,"column":8}}]},"17":{"line":540,"type":"if","locations":[{"start":{"line":540,"column":12},"end":{"line":540,"column":12}},{"start":{"line":540,"column":12},"end":{"line":540,"column":12}}]},"18":{"line":609,"type":"if","locations":[{"start":{"line":609,"column":8},"end":{"line":609,"column":8}},{"start":{"line":609,"column":8},"end":{"line":609,"column":8}}]},"19":{"line":637,"type":"if","locations":[{"start":{"line":637,"column":8},"end":{"line":637,"column":8}},{"start":{"line":637,"column":8},"end":{"line":637,"column":8}}]},"20":{"line":869,"type":"if","locations":[{"start":{"line":869,"column":8},"end":{"line":869,"column":8}},{"start":{"line":869,"column":8},"end":{"line":869,"column":8}}]},"21":{"line":870,"type":"if","locations":[{"start":{"line":870,"column":8},"end":{"line":870,"column":8}},{"start":{"line":870,"column":8},"end":{"line":870,"column":8}}]},"22":{"line":887,"type":"if","locations":[{"start":{"line":887,"column":8},"end":{"line":887,"column":8}},{"start":{"line":887,"column":8},"end":{"line":887,"column":8}}]},"23":{"line":906,"type":"if","locations":[{"start":{"line":906,"column":8},"end":{"line":906,"column":8}},{"start":{"line":906,"column":8},"end":{"line":906,"column":8}}]},"24":{"line":931,"type":"if","locations":[{"start":{"line":931,"column":8},"end":{"line":931,"column":8}},{"start":{"line":931,"column":8},"end":{"line":931,"column":8}}]},"25":{"line":932,"type":"if","locations":[{"start":{"line":932,"column":8},"end":{"line":932,"column":8}},{"start":{"line":932,"column":8},"end":{"line":932,"column":8}}]},"26":{"line":1064,"type":"if","locations":[{"start":{"line":1064,"column":8},"end":{"line":1064,"column":8}},{"start":{"line":1064,"column":8},"end":{"line":1064,"column":8}}]},"27":{"line":1065,"type":"if","locations":[{"start":{"line":1065,"column":8},"end":{"line":1065,"column":8}},{"start":{"line":1065,"column":8},"end":{"line":1065,"column":8}}]},"28":{"line":1066,"type":"if","locations":[{"start":{"line":1066,"column":8},"end":{"line":1066,"column":8}},{"start":{"line":1066,"column":8},"end":{"line":1066,"column":8}}]},"29":{"line":1096,"type":"if","locations":[{"start":{"line":1096,"column":8},"end":{"line":1096,"column":8}},{"start":{"line":1096,"column":8},"end":{"line":1096,"column":8}}]},"30":{"line":1099,"type":"if","locations":[{"start":{"line":1099,"column":8},"end":{"line":1099,"column":8}},{"start":{"line":1099,"column":8},"end":{"line":1099,"column":8}}]},"31":{"line":1104,"type":"if","locations":[{"start":{"line":1104,"column":8},"end":{"line":1104,"column":8}},{"start":{"line":1104,"column":8},"end":{"line":1104,"column":8}}]},"32":{"line":1109,"type":"if","locations":[{"start":{"line":1109,"column":8},"end":{"line":1109,"column":8}},{"start":{"line":1109,"column":8},"end":{"line":1109,"column":8}}]},"33":{"line":1118,"type":"if","locations":[{"start":{"line":1118,"column":12},"end":{"line":1118,"column":12}},{"start":{"line":1118,"column":12},"end":{"line":1118,"column":12}}]},"34":{"line":1120,"type":"if","locations":[{"start":{"line":1120,"column":19},"end":{"line":1120,"column":19}},{"start":{"line":1120,"column":19},"end":{"line":1120,"column":19}}]},"35":{"line":1142,"type":"if","locations":[{"start":{"line":1142,"column":8},"end":{"line":1142,"column":8}},{"start":{"line":1142,"column":8},"end":{"line":1142,"column":8}}]},"36":{"line":1143,"type":"if","locations":[{"start":{"line":1143,"column":12},"end":{"line":1143,"column":12}},{"start":{"line":1143,"column":12},"end":{"line":1143,"column":12}}]},"37":{"line":1151,"type":"if","locations":[{"start":{"line":1151,"column":12},"end":{"line":1151,"column":12}},{"start":{"line":1151,"column":12},"end":{"line":1151,"column":12}}]},"38":{"line":1171,"type":"if","locations":[{"start":{"line":1171,"column":8},"end":{"line":1171,"column":8}},{"start":{"line":1171,"column":8},"end":{"line":1171,"column":8}}]},"39":{"line":1182,"type":"if","locations":[{"start":{"line":1182,"column":8},"end":{"line":1182,"column":8}},{"start":{"line":1182,"column":8},"end":{"line":1182,"column":8}}]},"40":{"line":1219,"type":"if","locations":[{"start":{"line":1219,"column":8},"end":{"line":1219,"column":8}},{"start":{"line":1219,"column":8},"end":{"line":1219,"column":8}}]},"41":{"line":1328,"type":"if","locations":[{"start":{"line":1328,"column":8},"end":{"line":1328,"column":8}},{"start":{"line":1328,"column":8},"end":{"line":1328,"column":8}}]},"42":{"line":1329,"type":"if","locations":[{"start":{"line":1329,"column":8},"end":{"line":1329,"column":8}},{"start":{"line":1329,"column":8},"end":{"line":1329,"column":8}}]},"43":{"line":1330,"type":"if","locations":[{"start":{"line":1330,"column":8},"end":{"line":1330,"column":8}},{"start":{"line":1330,"column":8},"end":{"line":1330,"column":8}}]},"44":{"line":1360,"type":"if","locations":[{"start":{"line":1360,"column":8},"end":{"line":1360,"column":8}},{"start":{"line":1360,"column":8},"end":{"line":1360,"column":8}}]},"45":{"line":1363,"type":"if","locations":[{"start":{"line":1363,"column":8},"end":{"line":1363,"column":8}},{"start":{"line":1363,"column":8},"end":{"line":1363,"column":8}}]},"46":{"line":1368,"type":"if","locations":[{"start":{"line":1368,"column":8},"end":{"line":1368,"column":8}},{"start":{"line":1368,"column":8},"end":{"line":1368,"column":8}}]},"47":{"line":1373,"type":"if","locations":[{"start":{"line":1373,"column":8},"end":{"line":1373,"column":8}},{"start":{"line":1373,"column":8},"end":{"line":1373,"column":8}}]},"48":{"line":1382,"type":"if","locations":[{"start":{"line":1382,"column":12},"end":{"line":1382,"column":12}},{"start":{"line":1382,"column":12},"end":{"line":1382,"column":12}}]},"49":{"line":1384,"type":"if","locations":[{"start":{"line":1384,"column":19},"end":{"line":1384,"column":19}},{"start":{"line":1384,"column":19},"end":{"line":1384,"column":19}}]},"50":{"line":1406,"type":"if","locations":[{"start":{"line":1406,"column":8},"end":{"line":1406,"column":8}},{"start":{"line":1406,"column":8},"end":{"line":1406,"column":8}}]},"51":{"line":1407,"type":"if","locations":[{"start":{"line":1407,"column":12},"end":{"line":1407,"column":12}},{"start":{"line":1407,"column":12},"end":{"line":1407,"column":12}}]},"52":{"line":1415,"type":"if","locations":[{"start":{"line":1415,"column":12},"end":{"line":1415,"column":12}},{"start":{"line":1415,"column":12},"end":{"line":1415,"column":12}}]},"53":{"line":1435,"type":"if","locations":[{"start":{"line":1435,"column":8},"end":{"line":1435,"column":8}},{"start":{"line":1435,"column":8},"end":{"line":1435,"column":8}}]},"54":{"line":1446,"type":"if","locations":[{"start":{"line":1446,"column":8},"end":{"line":1446,"column":8}},{"start":{"line":1446,"column":8},"end":{"line":1446,"column":8}}]},"55":{"line":1569,"type":"if","locations":[{"start":{"line":1569,"column":8},"end":{"line":1569,"column":8}},{"start":{"line":1569,"column":8},"end":{"line":1569,"column":8}}]},"56":{"line":1585,"type":"if","locations":[{"start":{"line":1585,"column":8},"end":{"line":1585,"column":8}},{"start":{"line":1585,"column":8},"end":{"line":1585,"column":8}}]},"57":{"line":1591,"type":"if","locations":[{"start":{"line":1591,"column":8},"end":{"line":1591,"column":8}},{"start":{"line":1591,"column":8},"end":{"line":1591,"column":8}}]},"58":{"line":1602,"type":"if","locations":[{"start":{"line":1602,"column":8},"end":{"line":1602,"column":8}},{"start":{"line":1602,"column":8},"end":{"line":1602,"column":8}}]},"59":{"line":1616,"type":"if","locations":[{"start":{"line":1616,"column":8},"end":{"line":1616,"column":8}},{"start":{"line":1616,"column":8},"end":{"line":1616,"column":8}}]},"60":{"line":1622,"type":"if","locations":[{"start":{"line":1622,"column":8},"end":{"line":1622,"column":8}},{"start":{"line":1622,"column":8},"end":{"line":1622,"column":8}}]},"61":{"line":1637,"type":"if","locations":[{"start":{"line":1637,"column":8},"end":{"line":1637,"column":8}},{"start":{"line":1637,"column":8},"end":{"line":1637,"column":8}}]},"62":{"line":1657,"type":"if","locations":[{"start":{"line":1657,"column":8},"end":{"line":1657,"column":8}},{"start":{"line":1657,"column":8},"end":{"line":1657,"column":8}}]},"63":{"line":1661,"type":"if","locations":[{"start":{"line":1661,"column":8},"end":{"line":1661,"column":8}},{"start":{"line":1661,"column":8},"end":{"line":1661,"column":8}}]},"64":{"line":1676,"type":"if","locations":[{"start":{"line":1676,"column":8},"end":{"line":1676,"column":8}},{"start":{"line":1676,"column":8},"end":{"line":1676,"column":8}}]},"65":{"line":1681,"type":"if","locations":[{"start":{"line":1681,"column":8},"end":{"line":1681,"column":8}},{"start":{"line":1681,"column":8},"end":{"line":1681,"column":8}}]},"66":{"line":1683,"type":"if","locations":[{"start":{"line":1683,"column":12},"end":{"line":1683,"column":12}},{"start":{"line":1683,"column":12},"end":{"line":1683,"column":12}}]},"67":{"line":1687,"type":"if","locations":[{"start":{"line":1687,"column":8},"end":{"line":1687,"column":8}},{"start":{"line":1687,"column":8},"end":{"line":1687,"column":8}}]},"68":{"line":1698,"type":"if","locations":[{"start":{"line":1698,"column":8},"end":{"line":1698,"column":8}},{"start":{"line":1698,"column":8},"end":{"line":1698,"column":8}}]},"69":{"line":1702,"type":"if","locations":[{"start":{"line":1702,"column":8},"end":{"line":1702,"column":8}},{"start":{"line":1702,"column":8},"end":{"line":1702,"column":8}}]},"70":{"line":1705,"type":"if","locations":[{"start":{"line":1705,"column":8},"end":{"line":1705,"column":8}},{"start":{"line":1705,"column":8},"end":{"line":1705,"column":8}}]},"71":{"line":1708,"type":"if","locations":[{"start":{"line":1708,"column":8},"end":{"line":1708,"column":8}},{"start":{"line":1708,"column":8},"end":{"line":1708,"column":8}}]},"72":{"line":1721,"type":"if","locations":[{"start":{"line":1721,"column":8},"end":{"line":1721,"column":8}},{"start":{"line":1721,"column":8},"end":{"line":1721,"column":8}}]},"73":{"line":1723,"type":"if","locations":[{"start":{"line":1723,"column":12},"end":{"line":1723,"column":12}},{"start":{"line":1723,"column":12},"end":{"line":1723,"column":12}}]},"74":{"line":1727,"type":"if","locations":[{"start":{"line":1727,"column":8},"end":{"line":1727,"column":8}},{"start":{"line":1727,"column":8},"end":{"line":1727,"column":8}}]},"75":{"line":1741,"type":"if","locations":[{"start":{"line":1741,"column":8},"end":{"line":1741,"column":8}},{"start":{"line":1741,"column":8},"end":{"line":1741,"column":8}}]},"76":{"line":1744,"type":"if","locations":[{"start":{"line":1744,"column":8},"end":{"line":1744,"column":8}},{"start":{"line":1744,"column":8},"end":{"line":1744,"column":8}}]},"77":{"line":1747,"type":"if","locations":[{"start":{"line":1747,"column":8},"end":{"line":1747,"column":8}},{"start":{"line":1747,"column":8},"end":{"line":1747,"column":8}}]},"78":{"line":1774,"type":"if","locations":[{"start":{"line":1774,"column":8},"end":{"line":1774,"column":8}},{"start":{"line":1774,"column":8},"end":{"line":1774,"column":8}}]}}},"contracts/6/protocol/apis/sushi/MasterChef.sol":{"l":{"116":0,"117":0,"119":0,"133":0,"151":0,"152":0,"154":0,"171":0,"172":0,"175":0,"176":0,"178":0,"194":0,"214":0,"215":0,"218":0,"234":0,"254":0,"255":0,"288":0,"289":0,"291":0,"294":0,"314":0,"317":0,"318":0,"340":0,"354":0,"373":0,"388":0,"389":0,"398":0,"401":0,"402":0,"403":0,"406":0,"410":0,"415":0,"443":0,"452":0,"471":0,"475":0,"483":0,"484":0,"492":0,"496":0,"510":0,"511":0,"514":0,"572":0,"573":0,"576":0,"577":0,"579":0,"591":0,"593":0,"599":0,"600":0,"605":0,"608":0,"610":0,"613":0,"616":0,"618":0,"620":0,"628":0,"635":0,"649":0,"650":0,"666":0,"676":0,"683":0,"690":0,"704":0,"720":0,"730":0,"737":0,"744":0,"758":0,"778":0,"782":0,"783":0,"812":0,"813":0,"814":0,"821":0,"828":0,"829":0,"840":0,"841":0,"849":0,"850":0,"851":0,"907":0,"908":0,"909":0,"916":0,"924":0,"941":0,"948":0,"955":0,"967":0,"968":0,"975":0,"986":0,"987":0,"1007":0,"1008":0,"1013":0,"1029":0,"1030":0,"1048":0,"1053":0,"1075":0,"1076":0,"1078":0,"1080":0,"1081":0,"1082":0,"1095":0,"1097":0,"1099":0,"1100":0,"1101":0,"1116":0,"1118":0,"1120":0,"1121":0,"1122":0,"1143":0,"1144":0,"1146":0,"1147":0,"1158":0,"1190":0,"1191":0,"1239":0,"1247":0,"1267":0,"1271":0,"1273":0,"1275":0,"1276":0,"1277":0,"1278":0,"1279":0,"1288":0,"1289":0,"1300":0,"1302":0,"1303":0,"1304":0,"1308":0,"1309":0,"1313":0,"1314":0,"1317":0,"1318":0,"1319":0,"1320":0,"1321":0,"1322":0,"1323":0,"1325":0,"1327":0,"1330":0,"1334":0,"1335":0,"1336":0,"1338":0,"1340":0,"1348":0,"1349":0,"1351":0,"1352":0,"1353":0,"1354":0,"1357":0,"1359":0,"1360":0,"1361":0,"1362":0,"1373":0,"1375":0,"1376":0,"1378":0,"1379":0,"1382":0,"1386":0,"1387":0,"1391":0,"1392":0,"1395":0,"1485":0,"1486":0,"1487":0,"1488":0,"1489":0,"1493":0,"1503":0,"1504":0,"1506":0,"1507":0,"1508":0,"1524":0,"1525":0,"1527":0,"1528":0,"1533":0,"1538":0,"1539":0,"1540":0,"1541":0,"1542":0,"1543":0,"1544":0,"1545":0,"1550":0,"1551":0,"1553":0,"1555":0,"1561":0,"1562":0,"1563":0,"1564":0,"1565":0,"1566":0,"1567":0,"1568":0,"1570":0,"1575":0,"1576":0,"1577":0,"1583":0,"1584":0,"1585":0,"1587":0,"1588":0,"1589":0,"1590":0,"1592":0,"1593":0,"1594":0,"1595":0,"1596":0,"1597":0,"1602":0,"1603":0,"1604":0,"1605":0,"1606":0,"1607":0,"1609":0,"1610":0,"1611":0,"1612":0,"1617":0,"1618":0,"1619":0,"1620":0,"1621":0,"1622":0,"1623":0,"1624":0,"1625":0,"1626":0,"1631":0,"1632":0,"1633":0,"1634":0,"1635":0,"1636":0,"1641":0,"1642":0,"1643":0,"1645":0,"1651":0,"1652":0},"path":"/Users/adirut/go/src/github.com/alpaca-finance/alpaca-contract/contracts/6/protocol/apis/sushi/MasterChef.sol","s":{"1":0,"2":0,"3":0,"4":0,"5":0,"6":0,"7":0,"8":0,"9":0,"10":0,"11":0,"12":0,"13":0,"14":0,"15":0,"16":0,"17":0,"18":0,"19":0,"20":0,"21":0,"22":0,"23":0,"24":0,"25":0,"26":0,"27":0,"28":0,"29":0,"30":0,"31":0,"32":0,"33":0,"34":0,"35":0,"36":0,"37":0,"38":0,"39":0,"40":0,"41":0,"42":0,"43":0,"44":0,"45":0,"46":0,"47":0,"48":0,"49":0,"50":0,"51":0,"52":0,"53":0,"54":0,"55":0,"56":0,"57":0,"58":0,"59":0,"60":0,"61":0,"62":0,"63":0,"64":0,"65":0,"66":0,"67":0,"68":0,"69":0,"70":0,"71":0,"72":0,"73":0,"74":0,"75":0,"76":0,"77":0,"78":0,"79":0,"80":0,"81":0,"82":0,"83":0,"84":0,"85":0,"86":0,"87":0,"88":0,"89":0,"90":0,"91":0,"92":0,"93":0,"94":0,"95":0,"96":0,"97":0,"98":0,"99":0,"100":0,"101":0,"102":0,"103":0,"104":0,"105":0,"106":0,"107":0,"108":0,"109":0,"110":0,"111":0,"112":0,"113":0,"114":0,"115":0,"116":0,"117":0,"118":0,"119":0,"120":0,"121":0,"122":0,"123":0,"124":0,"125":0,"126":0,"127":0,"128":0,"129":0,"130":0,"131":0,"132":0,"133":0,"134":0,"135":0,"136":0,"137":0,"138":0,"139":0,"140":0,"141":0,"142":0,"143":0,"144":0,"145":0,"146":0,"147":0,"148":0,"149":0,"150":0,"151":0,"152":0,"153":0,"154":0,"155":0,"156":0,"157":0,"158":0,"159":0,"160":0,"161":0,"162":0,"163":0,"164":0,"165":0,"166":0,"167":0,"168":0,"169":0,"170":0,"171":0,"172":0,"173":0,"174":0,"175":0,"176":0,"177":0,"178":0,"179":0,"180":0,"181":0,"182":0,"183":0,"184":0,"185":0,"186":0,"187":0,"188":0,"189":0,"190":0,"191":0,"192":0,"193":0,"194":0,"195":0,"196":0,"197":0,"198":0,"199":0,"200":0,"201":0,"202":0,"203":0,"204":0,"205":0,"206":0,"207":0,"208":0,"209":0,"210":0,"211":0,"212":0,"213":0,"214":0,"215":0,"216":0,"217":0,"218":0,"219":0,"220":0,"221":0,"222":0,"223":0,"224":0,"225":0,"226":0,"227":0,"228":0,"229":0,"230":0,"231":0,"232":0,"233":0,"234":0,"235":0,"236":0,"237":0,"238":0,"239":0,"240":0,"241":0,"242":0,"243":0,"244":0,"245":0,"246":0,"247":0,"248":0,"249":0,"250":0,"251":0,"252":0,"253":0,"254":0,"255":0,"256":0,"257":0,"258":0,"259":0,"260":0,"261":0,"262":0,"263":0,"264":0,"265":0,"266":0,"267":0,"268":0,"269":0,"270":0,"271":0,"272":0,"273":0,"274":0},"b":{"1":[0,0],"2":[0,0],"3":[0,0],"4":[0,0],"5":[0,0],"6":[0,0],"7":[0,0],"8":[0,0],"9":[0,0],"10":[0,0],"11":[0,0],"12":[0,0],"13":[0,0],"14":[0,0],"15":[0,0],"16":[0,0],"17":[0,0],"18":[0,0],"19":[0,0],"20":[0,0],"21":[0,0],"22":[0,0],"23":[0,0],"24":[0,0],"25":[0,0],"26":[0,0],"27":[0,0],"28":[0,0],"29":[0,0],"30":[0,0],"31":[0,0],"32":[0,0],"33":[0,0],"34":[0,0],"35":[0,0],"36":[0,0],"37":[0,0],"38":[0,0],"39":[0,0],"40":[0,0],"41":[0,0],"42":[0,0],"43":[0,0],"44":[0,0],"45":[0,0],"46":[0,0],"47":[0,0],"48":[0,0],"49":[0,0],"50":[0,0],"51":[0,0],"52":[0,0],"53":[0,0]},"f":{"1":0,"2":0,"3":0,"4":0,"5":0,"6":0,"7":0,"8":0,"9":0,"10":0,"11":0,"12":0,"13":0,"14":0,"15":0,"16":0,"17":0,"18":0,"19":0,"20":0,"21":0,"22":0,"23":0,"24":0,"25":0,"26":0,"27":0,"28":0,"29":0,"30":0,"31":0,"32":0,"33":0,"34":0,"35":0,"36":0,"37":0,"38":0,"39":0,"40":0,"41":0,"42":0,"43":0,"44":0,"45":0,"46":0,"47":0,"48":0,"49":0,"50":0,"51":0,"52":0,"53":0,"54":0,"55":0,"56":0,"57":0,"58":0,"59":0,"60":0,"61":0,"62":0,"63":0,"64":0,"65":0,"66":0,"67":0,"68":0,"69":0,"70":0,"71":0,"72":0,"73":0,"74":0,"75":0,"76":0,"77":0,"78":0,"79":0,"80":0,"81":0,"82":0,"83":0,"84":0,"85":0,"86":0,"87":0},"fnMap":{"1":{"name":"add","line":115,"loc":{"start":{"line":115,"column":4},"end":{"line":120,"column":4}}},"2":{"name":"sub","line":132,"loc":{"start":{"line":132,"column":4},"end":{"line":134,"column":4}}},"3":{"name":"sub","line":146,"loc":{"start":{"line":146,"column":4},"end":{"line":155,"column":4}}},"4":{"name":"mul","line":167,"loc":{"start":{"line":167,"column":4},"end":{"line":179,"column":4}}},"5":{"name":"div","line":193,"loc":{"start":{"line":193,"column":4},"end":{"line":195,"column":4}}},"6":{"name":"div","line":209,"loc":{"start":{"line":209,"column":4},"end":{"line":219,"column":4}}},"7":{"name":"mod","line":233,"loc":{"start":{"line":233,"column":4},"end":{"line":235,"column":4}}},"8":{"name":"mod","line":249,"loc":{"start":{"line":249,"column":4},"end":{"line":256,"column":4}}},"9":{"name":"isContract","line":284,"loc":{"start":{"line":284,"column":4},"end":{"line":295,"column":4}}},"10":{"name":"sendValue","line":313,"loc":{"start":{"line":313,"column":4},"end":{"line":319,"column":4}}},"11":{"name":"functionCall","line":339,"loc":{"start":{"line":339,"column":4},"end":{"line":341,"column":4}}},"12":{"name":"functionCall","line":349,"loc":{"start":{"line":349,"column":4},"end":{"line":355,"column":4}}},"13":{"name":"functionCallWithValue","line":368,"loc":{"start":{"line":368,"column":4},"end":{"line":374,"column":4}}},"14":{"name":"functionCallWithValue","line":382,"loc":{"start":{"line":382,"column":4},"end":{"line":390,"column":4}}},"15":{"name":"_functionCallWithValue","line":392,"loc":{"start":{"line":392,"column":4},"end":{"line":418,"column":4}}},"16":{"name":"safeTransfer","line":438,"loc":{"start":{"line":438,"column":4},"end":{"line":444,"column":4}}},"17":{"name":"safeTransferFrom","line":446,"loc":{"start":{"line":446,"column":4},"end":{"line":453,"column":4}}},"18":{"name":"safeApprove","line":462,"loc":{"start":{"line":462,"column":4},"end":{"line":476,"column":4}}},"19":{"name":"safeIncreaseAllowance","line":478,"loc":{"start":{"line":478,"column":4},"end":{"line":485,"column":4}}},"20":{"name":"safeDecreaseAllowance","line":487,"loc":{"start":{"line":487,"column":4},"end":{"line":497,"column":4}}},"21":{"name":"_callOptionalReturn","line":505,"loc":{"start":{"line":505,"column":4},"end":{"line":516,"column":4}}},"22":{"name":"_add","line":571,"loc":{"start":{"line":571,"column":4},"end":{"line":581,"column":4}}},"23":{"name":"_remove","line":589,"loc":{"start":{"line":589,"column":4},"end":{"line":622,"column":4}}},"24":{"name":"_contains","line":627,"loc":{"start":{"line":627,"column":4},"end":{"line":629,"column":4}}},"25":{"name":"_length","line":634,"loc":{"start":{"line":634,"column":4},"end":{"line":636,"column":4}}},"26":{"name":"_at","line":648,"loc":{"start":{"line":648,"column":4},"end":{"line":651,"column":4}}},"27":{"name":"add","line":665,"loc":{"start":{"line":665,"column":4},"end":{"line":667,"column":4}}},"28":{"name":"remove","line":675,"loc":{"start":{"line":675,"column":4},"end":{"line":677,"column":4}}},"29":{"name":"contains","line":682,"loc":{"start":{"line":682,"column":4},"end":{"line":684,"column":4}}},"30":{"name":"length","line":689,"loc":{"start":{"line":689,"column":4},"end":{"line":691,"column":4}}},"31":{"name":"at","line":703,"loc":{"start":{"line":703,"column":4},"end":{"line":705,"column":4}}},"32":{"name":"add","line":719,"loc":{"start":{"line":719,"column":4},"end":{"line":721,"column":4}}},"33":{"name":"remove","line":729,"loc":{"start":{"line":729,"column":4},"end":{"line":731,"column":4}}},"34":{"name":"contains","line":736,"loc":{"start":{"line":736,"column":4},"end":{"line":738,"column":4}}},"35":{"name":"length","line":743,"loc":{"start":{"line":743,"column":4},"end":{"line":745,"column":4}}},"36":{"name":"at","line":757,"loc":{"start":{"line":757,"column":4},"end":{"line":759,"column":4}}},"37":{"name":"_msgSender","line":777,"loc":{"start":{"line":777,"column":4},"end":{"line":779,"column":4}}},"38":{"name":"_msgData","line":781,"loc":{"start":{"line":781,"column":4},"end":{"line":784,"column":4}}},"39":{"name":"constructor","line":811,"loc":{"start":{"line":811,"column":4},"end":{"line":815,"column":4}}},"40":{"name":"owner","line":820,"loc":{"start":{"line":820,"column":4},"end":{"line":822,"column":4}}},"41":{"name":"onlyOwner","line":827,"loc":{"start":{"line":827,"column":4},"end":{"line":830,"column":4}}},"42":{"name":"renounceOwnership","line":839,"loc":{"start":{"line":839,"column":4},"end":{"line":842,"column":4}}},"43":{"name":"transferOwnership","line":848,"loc":{"start":{"line":848,"column":4},"end":{"line":852,"column":4}}},"44":{"name":"constructor","line":906,"loc":{"start":{"line":906,"column":4},"end":{"line":910,"column":4}}},"45":{"name":"name","line":915,"loc":{"start":{"line":915,"column":4},"end":{"line":917,"column":4}}},"46":{"name":"symbol","line":923,"loc":{"start":{"line":923,"column":4},"end":{"line":925,"column":4}}},"47":{"name":"decimals","line":940,"loc":{"start":{"line":940,"column":4},"end":{"line":942,"column":4}}},"48":{"name":"totalSupply","line":947,"loc":{"start":{"line":947,"column":4},"end":{"line":949,"column":4}}},"49":{"name":"balanceOf","line":954,"loc":{"start":{"line":954,"column":4},"end":{"line":956,"column":4}}},"50":{"name":"transfer","line":966,"loc":{"start":{"line":966,"column":4},"end":{"line":969,"column":4}}},"51":{"name":"allowance","line":974,"loc":{"start":{"line":974,"column":4},"end":{"line":976,"column":4}}},"52":{"name":"approve","line":985,"loc":{"start":{"line":985,"column":4},"end":{"line":988,"column":4}}},"53":{"name":"transferFrom","line":1002,"loc":{"start":{"line":1002,"column":4},"end":{"line":1014,"column":4}}},"54":{"name":"increaseAllowance","line":1028,"loc":{"start":{"line":1028,"column":4},"end":{"line":1031,"column":4}}},"55":{"name":"decreaseAllowance","line":1047,"loc":{"start":{"line":1047,"column":4},"end":{"line":1054,"column":4}}},"56":{"name":"_transfer","line":1070,"loc":{"start":{"line":1070,"column":4},"end":{"line":1083,"column":4}}},"57":{"name":"_mint","line":1094,"loc":{"start":{"line":1094,"column":4},"end":{"line":1102,"column":4}}},"58":{"name":"_burn","line":1115,"loc":{"start":{"line":1115,"column":4},"end":{"line":1123,"column":4}}},"59":{"name":"_approve","line":1138,"loc":{"start":{"line":1138,"column":4},"end":{"line":1148,"column":4}}},"60":{"name":"_setupDecimals","line":1157,"loc":{"start":{"line":1157,"column":4},"end":{"line":1159,"column":4}}},"61":{"name":"_beforeTokenTransfer","line":1175,"loc":{"start":{"line":1175,"column":4},"end":{"line":1179,"column":24}}},"62":{"name":"mint","line":1189,"loc":{"start":{"line":1189,"column":4},"end":{"line":1192,"column":4}}},"63":{"name":"delegates","line":1238,"loc":{"start":{"line":1238,"column":4},"end":{"line":1240,"column":4}}},"64":{"name":"delegate","line":1246,"loc":{"start":{"line":1246,"column":4},"end":{"line":1248,"column":4}}},"65":{"name":"delegateBySig","line":1259,"loc":{"start":{"line":1259,"column":4},"end":{"line":1280,"column":4}}},"66":{"name":"getCurrentVotes","line":1287,"loc":{"start":{"line":1287,"column":4},"end":{"line":1290,"column":4}}},"67":{"name":"getPriorVotes","line":1299,"loc":{"start":{"line":1299,"column":4},"end":{"line":1331,"column":4}}},"68":{"name":"_delegate","line":1333,"loc":{"start":{"line":1333,"column":4},"end":{"line":1341,"column":4}}},"69":{"name":"_moveDelegates","line":1343,"loc":{"start":{"line":1343,"column":4},"end":{"line":1365,"column":4}}},"70":{"name":"_writeCheckpoint","line":1367,"loc":{"start":{"line":1367,"column":4},"end":{"line":1383,"column":4}}},"71":{"name":"safe32","line":1385,"loc":{"start":{"line":1385,"column":4},"end":{"line":1388,"column":4}}},"72":{"name":"getChainId","line":1390,"loc":{"start":{"line":1390,"column":4},"end":{"line":1396,"column":4}}},"73":{"name":"constructor","line":1478,"loc":{"start":{"line":1478,"column":4},"end":{"line":1490,"column":4}}},"74":{"name":"poolLength","line":1492,"loc":{"start":{"line":1492,"column":4},"end":{"line":1494,"column":4}}},"75":{"name":"add","line":1502,"loc":{"start":{"line":1498,"column":4},"end":{"line":1516,"column":4}}},"76":{"name":"set","line":1523,"loc":{"start":{"line":1519,"column":4},"end":{"line":1529,"column":4}}},"77":{"name":"setMigrator","line":1532,"loc":{"start":{"line":1532,"column":4},"end":{"line":1534,"column":4}}},"78":{"name":"migrate","line":1537,"loc":{"start":{"line":1537,"column":4},"end":{"line":1546,"column":4}}},"79":{"name":"getMultiplier","line":1549,"loc":{"start":{"line":1549,"column":4},"end":{"line":1557,"column":4}}},"80":{"name":"pendingSushi","line":1560,"loc":{"start":{"line":1560,"column":4},"end":{"line":1571,"column":4}}},"81":{"name":"massUpdatePools","line":1574,"loc":{"start":{"line":1574,"column":4},"end":{"line":1579,"column":4}}},"82":{"name":"updatePool","line":1582,"loc":{"start":{"line":1582,"column":4},"end":{"line":1598,"column":4}}},"83":{"name":"deposit","line":1601,"loc":{"start":{"line":1601,"column":4},"end":{"line":1613,"column":4}}},"84":{"name":"withdraw","line":1616,"loc":{"start":{"line":1616,"column":4},"end":{"line":1627,"column":4}}},"85":{"name":"emergencyWithdraw","line":1630,"loc":{"start":{"line":1630,"column":4},"end":{"line":1637,"column":4}}},"86":{"name":"safeSushiTransfer","line":1640,"loc":{"start":{"line":1640,"column":4},"end":{"line":1647,"column":4}}},"87":{"name":"dev","line":1650,"loc":{"start":{"line":1650,"column":4},"end":{"line":1653,"column":4}}}},"statementMap":{"1":{"start":{"line":116,"column":8},"end":{"line":116,"column":25}},"2":{"start":{"line":117,"column":8},"end":{"line":117,"column":53}},"3":{"start":{"line":119,"column":8},"end":{"line":119,"column":16}},"4":{"start":{"line":133,"column":8},"end":{"line":133,"column":58}},"5":{"start":{"line":151,"column":8},"end":{"line":151,"column":36}},"6":{"start":{"line":152,"column":8},"end":{"line":152,"column":25}},"7":{"start":{"line":154,"column":8},"end":{"line":154,"column":16}},"8":{"start":{"line":171,"column":8},"end":{"line":171,"column":5352}},"9":{"start":{"line":172,"column":12},"end":{"line":172,"column":20}},"10":{"start":{"line":175,"column":8},"end":{"line":175,"column":25}},"11":{"start":{"line":176,"column":8},"end":{"line":176,"column":63}},"12":{"start":{"line":178,"column":8},"end":{"line":178,"column":16}},"13":{"start":{"line":194,"column":8},"end":{"line":194,"column":54}},"14":{"start":{"line":214,"column":8},"end":{"line":214,"column":35}},"15":{"start":{"line":215,"column":8},"end":{"line":215,"column":25}},"16":{"start":{"line":218,"column":8},"end":{"line":218,"column":16}},"17":{"start":{"line":234,"column":8},"end":{"line":234,"column":52}},"18":{"start":{"line":254,"column":8},"end":{"line":254,"column":36}},"19":{"start":{"line":255,"column":8},"end":{"line":255,"column":20}},"20":{"start":{"line":288,"column":8},"end":{"line":288,"column":24}},"21":{"start":{"line":289,"column":8},"end":{"line":289,"column":96}},"22":{"start":{"line":294,"column":8},"end":{"line":294,"column":59}},"23":{"start":{"line":314,"column":8},"end":{"line":314,"column":80}},"24":{"start":{"line":317,"column":8},"end":{"line":317,"column":60}},"25":{"start":{"line":318,"column":8},"end":{"line":318,"column":85}},"26":{"start":{"line":340,"column":8},"end":{"line":340,"column":75}},"27":{"start":{"line":354,"column":8},"end":{"line":354,"column":68}},"28":{"start":{"line":373,"column":8},"end":{"line":373,"column":102}},"29":{"start":{"line":388,"column":8},"end":{"line":388,"column":88}},"30":{"start":{"line":389,"column":8},"end":{"line":389,"column":72}},"31":{"start":{"line":398,"column":8},"end":{"line":398,"column":67}},"32":{"start":{"line":401,"column":8},"end":{"line":401,"column":84}},"33":{"start":{"line":402,"column":8},"end":{"line":402,"column":13801}},"34":{"start":{"line":403,"column":12},"end":{"line":403,"column":29}},"35":{"start":{"line":406,"column":12},"end":{"line":406,"column":13946}},"36":{"start":{"line":415,"column":16},"end":{"line":415,"column":35}},"37":{"start":{"line":443,"column":8},"end":{"line":443,"column":93}},"38":{"start":{"line":452,"column":8},"end":{"line":452,"column":103}},"39":{"start":{"line":471,"column":8},"end":{"line":471,"column":16120}},"40":{"start":{"line":475,"column":8},"end":{"line":475,"column":97}},"41":{"start":{"line":483,"column":8},"end":{"line":483,"column":81}},"42":{"start":{"line":484,"column":8},"end":{"line":484,"column":104}},"43":{"start":{"line":492,"column":8},"end":{"line":492,"column":16842}},"44":{"start":{"line":496,"column":8},"end":{"line":496,"column":104}},"45":{"start":{"line":510,"column":8},"end":{"line":510,"column":103}},"46":{"start":{"line":511,"column":8},"end":{"line":511,"column":18014}},"47":{"start":{"line":514,"column":12},"end":{"line":514,"column":96}},"48":{"start":{"line":572,"column":8},"end":{"line":572,"column":19970}},"49":{"start":{"line":573,"column":12},"end":{"line":573,"column":34}},"50":{"start":{"line":576,"column":12},"end":{"line":576,"column":51}},"51":{"start":{"line":577,"column":12},"end":{"line":577,"column":23}},"52":{"start":{"line":579,"column":12},"end":{"line":579,"column":24}},"53":{"start":{"line":591,"column":8},"end":{"line":591,"column":48}},"54":{"start":{"line":593,"column":8},"end":{"line":593,"column":20696}},"55":{"start":{"line":599,"column":12},"end":{"line":599,"column":50}},"56":{"start":{"line":600,"column":12},"end":{"line":600,"column":54}},"57":{"start":{"line":605,"column":12},"end":{"line":605,"column":54}},"58":{"start":{"line":608,"column":12},"end":{"line":608,"column":49}},"59":{"start":{"line":610,"column":12},"end":{"line":610,"column":54}},"60":{"start":{"line":613,"column":12},"end":{"line":613,"column":28}},"61":{"start":{"line":618,"column":12},"end":{"line":618,"column":23}},"62":{"start":{"line":620,"column":12},"end":{"line":620,"column":24}},"63":{"start":{"line":628,"column":8},"end":{"line":628,"column":39}},"64":{"start":{"line":635,"column":8},"end":{"line":635,"column":33}},"65":{"start":{"line":649,"column":8},"end":{"line":649,"column":80}},"66":{"start":{"line":650,"column":8},"end":{"line":650,"column":33}},"67":{"start":{"line":666,"column":8},"end":{"line":666,"column":56}},"68":{"start":{"line":676,"column":8},"end":{"line":676,"column":59}},"69":{"start":{"line":683,"column":8},"end":{"line":683,"column":61}},"70":{"start":{"line":690,"column":8},"end":{"line":690,"column":34}},"71":{"start":{"line":704,"column":8},"end":{"line":704,"column":55}},"72":{"start":{"line":720,"column":8},"end":{"line":720,"column":47}},"73":{"start":{"line":730,"column":8},"end":{"line":730,"column":50}},"74":{"start":{"line":737,"column":8},"end":{"line":737,"column":52}},"75":{"start":{"line":744,"column":8},"end":{"line":744,"column":34}},"76":{"start":{"line":758,"column":8},"end":{"line":758,"column":46}},"77":{"start":{"line":778,"column":8},"end":{"line":778,"column":25}},"78":{"start":{"line":783,"column":8},"end":{"line":783,"column":23}},"79":{"start":{"line":812,"column":8},"end":{"line":812,"column":40}},"80":{"start":{"line":813,"column":8},"end":{"line":813,"column":25}},"81":{"start":{"line":814,"column":8},"end":{"line":814,"column":56}},"82":{"start":{"line":821,"column":8},"end":{"line":821,"column":21}},"83":{"start":{"line":828,"column":8},"end":{"line":828,"column":74}},"84":{"start":{"line":840,"column":8},"end":{"line":840,"column":53}},"85":{"start":{"line":841,"column":8},"end":{"line":841,"column":26}},"86":{"start":{"line":849,"column":8},"end":{"line":849,"column":80}},"87":{"start":{"line":850,"column":8},"end":{"line":850,"column":51}},"88":{"start":{"line":851,"column":8},"end":{"line":851,"column":24}},"89":{"start":{"line":907,"column":8},"end":{"line":907,"column":19}},"90":{"start":{"line":908,"column":8},"end":{"line":908,"column":23}},"91":{"start":{"line":909,"column":8},"end":{"line":909,"column":21}},"92":{"start":{"line":916,"column":8},"end":{"line":916,"column":20}},"93":{"start":{"line":924,"column":8},"end":{"lin
[...]
,"column":33}},"8":{"start":{"line":82,"column":4},"end":{"line":82,"column":27}},"9":{"start":{"line":96,"column":4},"end":{"line":96,"column":46}},"10":{"start":{"line":97,"column":4},"end":{"line":97,"column":21}},"11":{"start":{"line":101,"column":4},"end":{"line":101,"column":35}},"12":{"start":{"line":111,"column":4},"end":{"line":111,"column":72}},"13":{"start":{"line":112,"column":4},"end":{"line":112,"column":65}},"14":{"start":{"line":113,"column":4},"end":{"line":113,"column":37}},"15":{"start":{"line":114,"column":4},"end":{"line":114,"column":33}},"16":{"start":{"line":115,"column":4},"end":{"line":115,"column":35}},"17":{"start":{"line":124,"column":4},"end":{"line":124,"column":4774}},"18":{"start":{"line":125,"column":6},"end":{"line":125,"column":22}},"19":{"start":{"line":127,"column":4},"end":{"line":127,"column":65}},"20":{"start":{"line":128,"column":4},"end":{"line":128,"column":65}},"21":{"start":{"line":129,"column":4},"end":{"line":129,"column":83}},"22":{"start":{"line":130,"column":4},"end":{"line":130,"column":53}},"23":{"start":{"line":131,"column":4},"end":{"line":131,"column":5105}},"24":{"start":{"line":148,"column":4},"end":{"line":148,"column":5543}},"25":{"start":{"line":149,"column":6},"end":{"line":149,"column":22}},"26":{"start":{"line":151,"column":4},"end":{"line":151,"column":84}},"27":{"start":{"line":152,"column":4},"end":{"line":152,"column":42}},"28":{"start":{"line":165,"column":4},"end":{"line":165,"column":36}},"29":{"start":{"line":166,"column":4},"end":{"line":166,"column":6107}},"30":{"start":{"line":167,"column":6},"end":{"line":167,"column":62}},"31":{"start":{"line":167,"column":51},"end":{"line":167,"column":62}},"32":{"start":{"line":169,"column":4},"end":{"line":169,"column":16}},"33":{"start":{"line":173,"column":4},"end":{"line":173,"column":26}},"34":{"start":{"line":177,"column":4},"end":{"line":177,"column":34}},"35":{"start":{"line":182,"column":4},"end":{"line":182,"column":6636}},"36":{"start":{"line":183,"column":6},"end":{"line":183,"column":69}},"37":{"start":{"line":185,"column":4},"end":{"line":185,"column":6755}},"38":{"start":{"line":186,"column":6},"end":{"line":186,"column":48}},"39":{"start":{"line":189,"column":4},"end":{"line":189,"column":105}},"40":{"start":{"line":194,"column":4},"end":{"line":194,"column":42}},"41":{"start":{"line":195,"column":4},"end":{"line":195,"column":49}},"42":{"start":{"line":196,"column":4},"end":{"line":196,"column":54}},"43":{"start":{"line":197,"column":4},"end":{"line":197,"column":71}},"44":{"start":{"line":198,"column":4},"end":{"line":198,"column":7450}},"45":{"start":{"line":199,"column":6},"end":{"line":199,"column":76}},"46":{"start":{"line":200,"column":6},"end":{"line":200,"column":101}},"47":{"start":{"line":201,"column":6},"end":{"line":201,"column":84}},"48":{"start":{"line":203,"column":4},"end":{"line":203,"column":76}},"49":{"start":{"line":208,"column":4},"end":{"line":208,"column":36}},"50":{"start":{"line":209,"column":4},"end":{"line":209,"column":8019}},"51":{"start":{"line":210,"column":6},"end":{"line":210,"column":20}},"52":{"start":{"line":216,"column":4},"end":{"line":216,"column":42}},"53":{"start":{"line":217,"column":4},"end":{"line":217,"column":8265}},"54":{"start":{"line":218,"column":6},"end":{"line":218,"column":12}},"55":{"start":{"line":220,"column":4},"end":{"line":220,"column":71}},"56":{"start":{"line":221,"column":4},"end":{"line":221,"column":8406}},"57":{"start":{"line":222,"column":6},"end":{"line":222,"column":40}},"58":{"start":{"line":223,"column":6},"end":{"line":223,"column":12}},"59":{"start":{"line":225,"column":4},"end":{"line":225,"column":74}},"60":{"start":{"line":226,"column":4},"end":{"line":226,"column":99}},"61":{"start":{"line":227,"column":4},"end":{"line":227,"column":45}},"62":{"start":{"line":228,"column":4},"end":{"line":228,"column":43}},"63":{"start":{"line":229,"column":4},"end":{"line":229,"column":92}},"64":{"start":{"line":231,"column":4},"end":{"line":231,"column":8903}},"65":{"start":{"line":232,"column":6},"end":{"line":232,"column":78}},"66":{"start":{"line":233,"column":6},"end":{"line":233,"column":63}},"67":{"start":{"line":235,"column":4},"end":{"line":235,"column":9097}},"68":{"start":{"line":236,"column":6},"end":{"line":236,"column":157}},"69":{"start":{"line":237,"column":6},"end":{"line":237,"column":84}},"70":{"start":{"line":238,"column":6},"end":{"line":238,"column":122}},"71":{"start":{"line":240,"column":4},"end":{"line":240,"column":38}},"72":{"start":{"line":245,"column":4},"end":{"line":245,"column":42}},"73":{"start":{"line":246,"column":4},"end":{"line":246,"column":48}},"74":{"start":{"line":247,"column":4},"end":{"line":247,"column":84}},"75":{"start":{"line":247,"column":37},"end":{"line":247,"column":83}},"76":{"start":{"line":248,"column":4},"end":{"line":248,"column":72}},"77":{"start":{"line":249,"column":4},"end":{"line":249,"column":19}},"78":{"start":{"line":250,"column":4},"end":{"line":250,"column":45}},"79":{"start":{"line":250,"column":25},"end":{"line":250,"column":44}},"80":{"start":{"line":251,"column":4},"end":{"line":251,"column":63}},"81":{"start":{"line":251,"column":37},"end":{"line":251,"column":62}},"82":{"start":{"line":252,"column":4},"end":{"line":252,"column":88}},"83":{"start":{"line":253,"column":4},"end":{"line":253,"column":41}},"84":{"start":{"line":254,"column":4},"end":{"line":254,"column":70}},"85":{"start":{"line":255,"column":4},"end":{"line":255,"column":80}},"86":{"start":{"line":256,"column":4},"end":{"line":256,"column":43}},"87":{"start":{"line":261,"column":4},"end":{"line":261,"column":33}},"88":{"start":{"line":265,"column":4},"end":{"line":265,"column":53}},"89":{"start":{"line":269,"column":4},"end":{"line":269,"column":42}},"90":{"start":{"line":270,"column":4},"end":{"line":270,"column":48}},"91":{"start":{"line":271,"column":4},"end":{"line":271,"column":54}},"92":{"start":{"line":272,"column":4},"end":{"line":272,"column":56}},"93":{"start":{"line":273,"column":4},"end":{"line":273,"column":19}},"94":{"start":{"line":274,"column":4},"end":{"line":274,"column":23}},"95":{"start":{"line":275,"column":4},"end":{"line":275,"column":41}},"96":{"start":{"line":276,"column":4},"end":{"line":276,"column":70}},"97":{"start":{"line":277,"column":4},"end":{"line":277,"column":80}},"98":{"start":{"line":278,"column":4},"end":{"line":278,"column":11321}},"99":{"start":{"line":279,"column":6},"end":{"line":279,"column":71}},"100":{"start":{"line":281,"column":4},"end":{"line":281,"column":48}},"101":{"start":{"line":286,"column":4},"end":{"line":286,"column":42}},"102":{"start":{"line":287,"column":4},"end":{"line":287,"column":54}},"103":{"start":{"line":288,"column":4},"end":{"line":288,"column":19}},"104":{"start":{"line":289,"column":4},"end":{"line":289,"column":29}},"105":{"start":{"line":290,"column":4},"end":{"line":290,"column":70}},"106":{"start":{"line":291,"column":4},"end":{"line":291,"column":80}},"107":{"start":{"line":295,"column":4},"end":{"line":295,"column":42}},"108":{"start":{"line":296,"column":4},"end":{"line":296,"column":47}},"109":{"start":{"line":297,"column":4},"end":{"line":297,"column":49}},"110":{"start":{"line":298,"column":4},"end":{"line":298,"column":92}},"111":{"start":{"line":299,"column":4},"end":{"line":299,"column":79}},"112":{"start":{"line":300,"column":4},"end":{"line":300,"column":100}},"113":{"start":{"line":301,"column":4},"end":{"line":301,"column":35}},"114":{"start":{"line":302,"column":4},"end":{"line":302,"column":57}},"115":{"start":{"line":307,"column":4},"end":{"line":307,"column":42}},"116":{"start":{"line":308,"column":4},"end":{"line":308,"column":54}},"117":{"start":{"line":309,"column":4},"end":{"line":309,"column":73}},"118":{"start":{"line":310,"column":4},"end":{"line":310,"column":57}},"119":{"start":{"line":311,"column":4},"end":{"line":311,"column":18}},"120":{"start":{"line":312,"column":4},"end":{"line":312,"column":22}},"121":{"start":{"line":317,"column":4},"end":{"line":317,"column":55}},"122":{"start":{"line":318,"column":4},"end":{"line":318,"column":13123}},"123":{"start":{"line":319,"column":6},"end":{"line":319,"column":36}},"124":{"start":{"line":321,"column":6},"end":{"line":321,"column":34}}},"branchMap":{"1":{"line":96,"type":"if","locations":[{"start":{"line":96,"column":4},"end":{"line":96,"column":4}},{"start":{"line":96,"column":4},"end":{"line":96,"column":4}}]},"2":{"line":111,"type":"if","locations":[{"start":{"line":111,"column":4},"end":{"line":111,"column":4}},{"start":{"line":111,"column":4},"end":{"line":111,"column":4}}]},"3":{"line":112,"type":"if","locations":[{"start":{"line":112,"column":4},"end":{"line":112,"column":4}},{"start":{"line":112,"column":4},"end":{"line":112,"column":4}}]},"4":{"line":124,"type":"if","locations":[{"start":{"line":124,"column":4},"end":{"line":124,"column":4}},{"start":{"line":124,"column":4},"end":{"line":124,"column":4}}]},"5":{"line":127,"type":"if","locations":[{"start":{"line":127,"column":4},"end":{"line":127,"column":4}},{"start":{"line":127,"column":4},"end":{"line":127,"column":4}}]},"6":{"line":128,"type":"if","locations":[{"start":{"line":128,"column":4},"end":{"line":128,"column":4}},{"start":{"line":128,"column":4},"end":{"line":128,"column":4}}]},"7":{"line":148,"type":"if","locations":[{"start":{"line":148,"column":4},"end":{"line":148,"column":4}},{"start":{"line":148,"column":4},"end":{"line":148,"column":4}}]},"8":{"line":167,"type":"if","locations":[{"start":{"line":167,"column":6},"end":{"line":167,"column":6}},{"start":{"line":167,"column":6},"end":{"line":167,"column":6}}]},"9":{"line":182,"type":"if","locations":[{"start":{"line":182,"column":4},"end":{"line":182,"column":4}},{"start":{"line":182,"column":4},"end":{"line":182,"column":4}}]},"10":{"line":185,"type":"if","locations":[{"start":{"line":185,"column":4},"end":{"line":185,"column":4}},{"start":{"line":185,"column":4},"end":{"line":185,"column":4}}]},"11":{"line":198,"type":"if","locations":[{"start":{"line":198,"column":4},"end":{"line":198,"column":4}},{"start":{"line":198,"column":4},"end":{"line":198,"column":4}}]},"12":{"line":217,"type":"if","locations":[{"start":{"line":217,"column":4},"end":{"line":217,"column":4}},{"start":{"line":217,"column":4},"end":{"line":217,"column":4}}]},"13":{"line":221,"type":"if","locations":[{"start":{"line":221,"column":4},"end":{"line":221,"column":4}},{"start":{"line":221,"column":4},"end":{"line":221,"column":4}}]},"14":{"line":231,"type":"if","locations":[{"start":{"line":231,"column":4},"end":{"line":231,"column":4}},{"start":{"line":231,"column":4},"end":{"line":231,"column":4}}]},"15":{"line":235,"type":"if","locations":[{"start":{"line":235,"column":4},"end":{"line":235,"column":4}},{"start":{"line":235,"column":4},"end":{"line":235,"column":4}}]},"16":{"line":247,"type":"if","locations":[{"start":{"line":247,"column":4},"end":{"line":247,"column":4}},{"start":{"line":247,"column":4},"end":{"line":247,"column":4}}]},"17":{"line":247,"type":"if","locations":[{"start":{"line":247,"column":37},"end":{"line":247,"column":37}},{"start":{"line":247,"column":37},"end":{"line":247,"column":37}}]},"18":{"line":248,"type":"if","locations":[{"start":{"line":248,"column":4},"end":{"line":248,"column":4}},{"start":{"line":248,"column":4},"end":{"line":248,"column":4}}]},"19":{"line":250,"type":"if","locations":[{"start":{"line":250,"column":4},"end":{"line":250,"column":4}},{"start":{"line":250,"column":4},"end":{"line":250,"column":4}}]},"20":{"line":251,"type":"if","locations":[{"start":{"line":251,"column":4},"end":{"line":251,"column":4}},{"start":{"line":251,"column":4},"end":{"line":251,"column":4}}]},"21":{"line":271,"type":"if","locations":[{"start":{"line":271,"column":4},"end":{"line":271,"column":4}},{"start":{"line":271,"column":4},"end":{"line":271,"column":4}}]},"22":{"line":272,"type":"if","locations":[{"start":{"line":272,"column":4},"end":{"line":272,"column":4}},{"start":{"line":272,"column":4},"end":{"line":272,"column":4}}]},"23":{"line":278,"type":"if","locations":[{"start":{"line":278,"column":4},"end":{"line":278,"column":4}},{"start":{"line":278,"column":4},"end":{"line":278,"column":4}}]},"24":{"line":297,"type":"if","locations":[{"start":{"line":297,"column":4},"end":{"line":297,"column":4}},{"start":{"line":297,"column":4},"end":{"line":297,"column":4}}]},"25":{"line":299,"type":"if","locations":[{"start":{"line":299,"column":4},"end":{"line":299,"column":4}},{"start":{"line":299,"column":4},"end":{"line":299,"column":4}}]},"26":{"line":318,"type":"if","locations":[{"start":{"line":318,"column":4},"end":{"line":318,"column":4}},{"start":{"line":318,"column":4},"end":{"line":318,"column":4}}]}}},"contracts/6/token/interfaces/IFairLaunch.sol":{"l":{},"path":"/Users/adirut/go/src/github.com/alpaca-finance/alpaca-contract/contracts/6/token/interfaces/IFairLaunch.sol","s":{},"b":{},"f":{},"fnMap":{},"statementMap":{},"branchMap":{}},"contracts/6/token/interfaces/IMigratorFairLaunch.sol":{"l":{},"path":"/Users/adirut/go/src/github.com/alpaca-finance/alpaca-contract/contracts/6/token/interfaces/IMigratorFairLaunch.sol","s":{},"b":{},"f":{},"fnMap":{},"statementMap":{},"branchMap":{}},"contracts/6/utils/AlpacaMath.sol":{"l":{"7":0,"8":0,"9":0,"11":0,"12":0,"13":0,"16":0,"17":0,"18":0,"20":0,"21":0,"22":0,"24":0,"25":0,"26":0,"28":0,"29":0,"30":0,"32":0,"33":0,"34":0,"36":0,"37":0,"40":0,"41":0,"42":0,"43":0,"44":0,"45":0,"46":0,"47":0,"48":0},"path":"/Users/adirut/go/src/github.com/alpaca-finance/alpaca-contract/contracts/6/utils/AlpacaMath.sol","s":{"1":0,"2":0,"3":0,"4":0,"5":0,"6":0,"7":0,"8":0,"9":0,"10":0,"11":0,"12":0,"13":0,"14":0,"15":0,"16":0,"17":0,"18":0,"19":0,"20":0,"21":0,"22":0,"23":0,"24":0,"25":0,"26":0,"27":0,"28":0,"29":0,"30":0,"31":0,"32":0,"33":0},"b":{"1":[0,0],"2":[0,0],"3":[0,0],"4":[0,0],"5":[0,0],"6":[0,0],"7":[0,0],"8":[0,0]},"f":{"1":0},"fnMap":{"1":{"name":"sqrt","line":6,"loc":{"start":{"line":6,"column":2},"end":{"line":49,"column":2}}}},"statementMap":{"1":{"start":{"line":7,"column":4},"end":{"line":7,"column":24}},"2":{"start":{"line":7,"column":16},"end":{"line":7,"column":24}},"3":{"start":{"line":8,"column":4},"end":{"line":8,"column":15}},"4":{"start":{"line":9,"column":4},"end":{"line":9,"column":14}},"5":{"start":{"line":11,"column":4},"end":{"line":11,"column":405}},"6":{"start":{"line":12,"column":6},"end":{"line":12,"column":15}},"7":{"start":{"line":13,"column":6},"end":{"line":13,"column":13}},"8":{"start":{"line":16,"column":4},"end":{"line":16,"column":499}},"9":{"start":{"line":17,"column":6},"end":{"line":17,"column":14}},"10":{"start":{"line":18,"column":6},"end":{"line":18,"column":13}},"11":{"start":{"line":20,"column":4},"end":{"line":20,"column":575}},"12":{"start":{"line":21,"column":6},"end":{"line":21,"column":14}},"13":{"start":{"line":22,"column":6},"end":{"line":22,"column":13}},"14":{"start":{"line":24,"column":4},"end":{"line":24,"column":643}},"15":{"start":{"line":25,"column":6},"end":{"line":25,"column":14}},"16":{"start":{"line":26,"column":6},"end":{"line":26,"column":12}},"17":{"start":{"line":28,"column":4},"end":{"line":28,"column":706}},"18":{"start":{"line":29,"column":6},"end":{"line":29,"column":13}},"19":{"start":{"line":30,"column":6},"end":{"line":30,"column":12}},"20":{"start":{"line":32,"column":4},"end":{"line":32,"column":766}},"21":{"start":{"line":33,"column":6},"end":{"line":33,"column":13}},"22":{"start":{"line":34,"column":6},"end":{"line":34,"column":12}},"23":{"start":{"line":36,"column":4},"end":{"line":36,"column":825}},"24":{"start":{"line":37,"column":6},"end":{"line":37,"column":12}},"25":{"start":{"line":40,"column":4},"end":{"line":40,"column":23}},"26":{"start":{"line":41,"column":4},"end":{"line":41,"column":23}},"27":{"start":{"line":42,"column":4},"end":{"line":42,"column":23}},"28":{"start":{"line":43,"column":4},"end":{"line":43,"column":23}},"29":{"start":{"line":44,"column":4},"end":{"line":44,"column":23}},"30":{"start":{"line":45,"column":4},"end":{"line":45,"column":23}},"31":{"start":{"line":46,"column":4},"end":{"line":46,"column":23}},"32":{"start":{"line":47,"column":4},"end":{"line":47,"column":19}},"33":{"start":{"line":48,"column":4},"end":{"line":48,"column":28}}},"branchMap":{"1":{"line":7,"type":"if","locations":[{"start":{"line":7,"column":4},"end":{"line":7,"column":4}},{"start":{"line":7,"column":4},"end":{"line":7,"column":4}}]},"2":{"line":11,"type":"if","locations":[{"start":{"line":11,"column":4},"end":{"line":11,"column":4}},{"start":{"line":11,"column":4},"end":{"line":11,"column":4}}]},"3":{"line":16,"type":"if","locations":[{"start":{"line":16,"column":4},"end":{"line":16,"column":4}},{"start":{"line":16,"column":4},"end":{"line":16,"column":4}}]},"4":{"line":20,"type":"if","locations":[{"start":{"line":20,"column":4},"end":{"line":20,"column":4}},{"start":{"line":20,"column":4},"end":{"line":20,"column":4}}]},"5":{"line":24,"type":"if","locations":[{"start":{"line":24,"column":4},"end":{"line":24,"column":4}},{"start":{"line":24,"column":4},"end":{"line":24,"column":4}}]},"6":{"line":28,"type":"if","locations":[{"start":{"line":28,"column":4},"end":{"line":28,"column":4}},{"start":{"line":28,"column":4},"end":{"line":28,"column":4}}]},"7":{"line":32,"type":"if","locations":[{"start":{"line":32,"column":4},"end":{"line":32,"column":4}},{"start":{"line":32,"column":4},"end":{"line":32,"column":4}}]},"8":{"line":36,"type":"if","locations":[{"start":{"line":36,"column":4},"end":{"line":36,"column":4}},{"start":{"line":36,"column":4},"end":{"line":36,"column":4}}]}}},"contracts/6/utils/SafeToken.sol":{"l":{"9":0,"13":0,"18":0,"19":0,"24":0,"25":0,"30":0,"31":0,"36":0,"37":0},"path":"/Users/adirut/go/src/github.com/alpaca-finance/alpaca-contract/contracts/6/utils/SafeToken.sol","s":{"1":0,"2":0,"3":0,"4":0,"5":0,"6":0,"7":0,"8":0,"9":0,"10":0},"b":{"1":[0,0],"2":[0,0],"3":[0,0],"4":[0,0]},"f":{"1":0,"2":0,"3":0,"4":0,"5":0,"6":0},"fnMap":{"1":{"name":"myBalance","line":8,"loc":{"start":{"line":8,"column":2},"end":{"line":10,"column":2}}},"2":{"name":"balanceOf","line":12,"loc":{"start":{"line":12,"column":2},"end":{"line":14,"column":2}}},"3":{"name":"safeApprove","line":16,"loc":{"start":{"line":16,"column":2},"end":{"line":20,"column":2}}},"4":{"name":"safeTransfer","line":22,"loc":{"start":{"line":22,"column":2},"end":{"line":26,"column":2}}},"5":{"name":"safeTransferFrom","line":28,"loc":{"start":{"line":28,"column":2},"end":{"line":32,"column":2}}},"6":{"name":"safeTransferETH","line":34,"loc":{"start":{"line":34,"column":2},"end":{"line":38,"column":2}}}},"statementMap":{"1":{"start":{"line":9,"column":4},"end":{"line":9,"column":57}},"2":{"start":{"line":13,"column":4},"end":{"line":13,"column":48}},"3":{"start":{"line":18,"column":4},"end":{"line":18,"column":97}},"4":{"start":{"line":19,"column":4},"end":{"line":19,"column":85}},"5":{"start":{"line":24,"column":4},"end":{"line":24,"column":97}},"6":{"start":{"line":25,"column":4},"end":{"line":25,"column":86}},"7":{"start":{"line":30,"column":4},"end":{"line":30,"column":103}},"8":{"start":{"line":31,"column":4},"end":{"line":31,"column":90}},"9":{"start":{"line":36,"column":4},"end":{"line":36,"column":58}},"10":{"start":{"line":37,"column":4},"end":{"line":37,"column":39}}},"branchMap":{"1":{"line":19,"type":"if","locations":[{"start":{"line":19,"column":4},"end":{"line":19,"column":4}},{"start":{"line":19,"column":4},"end":{"line":19,"column":4}}]},"2":{"line":25,"type":"if","locations":[{"start":{"line":25,"column":4},"end":{"line":25,"column":4}},{"start":{"line":25,"column":4},"end":{"line":25,"column":4}}]},"3":{"line":31,"type":"if","locations":[{"start":{"line":31,"column":4},"end":{"line":31,"column":4}},{"start":{"line":31,"column":4},"end":{"line":31,"column":4}}]},"4":{"line":37,"type":"if","locations":[{"start":{"line":37,"column":4},"end":{"line":37,"column":4}},{"start":{"line":37,"column":4},"end":{"line":37,"column":4}}]}}}}